!01,726795,0,5,3787,1217,0.00,0.00,-1495,-1258,2.795,-0.002,0.002,0.050,0.018,-0.004,1.000,2.793,0.018,-0.004,0.00,0.00,0.00,0.00,0.00,0.00,0.00,0.00,25.07,5,0,0,0.00
!01,727796,0,5,3787,1217,0.00,0.00,-1412,-1190,2.795,-0.003,-0.001,0.048,0.018,-0.004,1.000,2.793,0.018,-0.004,0.00,0.00,0.00,0.00,0.00,0.00,0.00,0.00,25.07,5,0,0,0.00
!01,728798,0,5,3787,1217,0.00,0.00,-1524,-1256,2.795,0.001,-0.001,0.046,0.018,-0.004,1.000,2.793,0.018,-0.004,0.00,0.00,0.00,0.00,0.00,0.00,0.00,0.00,25.07,5,0,0,0.00
!01,729798,0,5,3787,1217,0.00,0.00,-1327,-1151,2.795,0.001,0.002,0.054,0.018,-0.004,1.000,2.794,0.018,-0.004,0.00,0.00,0.00,0.00,0.00,0.00,0.00,0.00,25.07,5,0,0,0.00
!17,0.0043,2.7913
!17,0.0074,2.7915
!01,730799,2,5,3816,1251,2.55,3.11,-1526,-1284,2.792,-0.018,-0.020,0.059,0.016,-0.004,1.000,2.787,0.016,-0.004,0.00,0.00,0.09,0.07,0.00,135.88,99.03,0.00,25.06,2,0,10000,2.79
!17,0.0095,2.7947
!17,0.0117,2.7984
!17,0.0133,2.8006
!17,0.0152,2.8024
!17,0.0161,2.8027
!01,731801,2,5,3989,1433,6.23,6.08,-1506,-1206,2.803,-0.007,-0.016,0.053,0.028,-0.010,1.000,2.795,0.028,-0.010,0.00,0.00,0.16,0.09,0.00,234.97,138.22,0.00,25.03,2,0,10000,2.79
!17,0.0169,2.8028
!17,0.0172,2.8017
!17,0.0174,2.7998
!17,0.0174,2.7998
!17,0.0180,2.8025
!01,732803,2,5,4224,1667,6.79,6.93,-1333,-1141,2.802,-0.005,-0.011,0.037,0.038,-0.015,0.999,2.795,0.038,-0.015,0.00,0.00,0.16,0.10,0.00,235.05,152.09,0.00,25.00,2,0,10000,2.79
!17,0.0180,2.7991
!17,0.0176,2.7991
!17,0.0174,2.7996
!17,0.0176,2.8003
!17,0.0174,2.8007
!01,733808,2,5,4461,1905,6.65,6.65,-736,-218,2.800,-0.001,-0.002,0.046,0.032,-0.015,0.999,2.792,0.032,-0.015,0.00,0.00,0.08,0.12,0.00,119.81,177.41,0.00,24.99,2,0,10000,2.79
!17,0.0174,2.8005
stopImmediately
distributeParticlesOutline
!17,0.0030,2.8020
charger conn=0 chgEnabled=0 chgTime=12 charger: 0.00 V  0.00 A  bat: 25.00 V  switchOffAllowed=0
!01,734809,2,5,4516,1960,0.00,0.00,887,891,2.800,0.026,0.022,0.046,0.033,-0.014,0.999,2.795,0.033,-0.014,0.00,0.00,0.00,0.00,0.00,0.00,0.00,0.00,25.01,3,0,0,0.00
!17,0.0002,2.8037
!17,-0.0002,2.8068
!17,-0.0007,2.8177
!17,-0.0006,2.8314
!01,735809,2,5,4489,1980,-1.42,0.99,841,831,2.831,0.003,0.005,0.036,0.033,-0.013,0.999,2.822,0.033,-0.013,0.00,0.00,0.19,0.04,0.00,278.48,52.99,0.00,25.02,3,0,0,0.00
!17,-0.0007,2.8475
!17,-0.0002,2.8644
!17,0.0002,2.9011
!01,736809,2,5,4433,2032,-1.70,1.70,642,701,2.901,-0.002,0.003,0.056,0.028,-0.009,1.000,2.912,0.028,-0.009,0.00,0.00,0.30,0.04,0.00,451.14,62.20,0.00,25.03,3,0,0,0.00
!17,0.0002,2.9410
!17,0.0002,2.9610
!17,0.0002,2.9807
!17,0.0002,3.0007
!17,0.0004,3.0213
!01,737809,2,5,4376,2095,-1.56,1.84,583,839,3.001,-0.004,0.007,0.045,0.023,-0.006,1.000,3.010,0.023,-0.006,0.00,0.00,0.18,0.04,0.00,264.74,62.19,0.00,25.02,3,0,0,0.00
!17,0.0004,3.0415
!17,0.0002,3.0618
!17,0.0006,3.0813
!01,738809,2,5,4319,2158,-1.70,1.70,451,729,3.101,-0.010,0.001,0.046,0.022,-0.004,1.000,3.109,0.022,-0.004,0.00,0.00,0.29,0.05,0.00,428.20,69.10,0.00,25.02,3,0,0,0.00
!17,0.0002,3.1409
!17,0.0002,-3.1221
!17,0.0002,-3.1010
!17,0.0002,-3.0797
!17,0.0002,-3.0588
!01,739810,2,5,4259,2223,-1.70,1.84,359,763,-3.080,-0.014,0.003,0.055,0.024,-0.004,1.000,-3.069,0.024,-0.004,0.00,0.00,0.34,0.05,0.00,508.78,80.62,0.00,25.02,3,0,0,0.00
!17,0.0002,-3.0171
!17,0.0002,-2.9743
!17,0.0002,-2.9522
!01,740810,2,5,4197,2288,-1.84,1.98,259,725,-2.974,0.012,0.008,0.043,0.027,-0.002,1.000,-2.959,0.027,-0.002,0.00,0.00,0.24,0.06,0.00,366.01,94.45,0.00,25.02,3,0,0,0.00
!17,0.0002,-2.9294
!17,0.0004,-2.9052
!17,0.0006,-2.8807
!17,0.0002,-2.8570
!17,0.0002,-2.8336
!01,741810,2,5,4131,2362,-1.84,1.98,195,558,-2.857,0.010,0.020,0.040,0.029,-0.002,1.000,-2.836,0.029,-0.002,0.00,0.00,0.18,0.05,0.00,273.91,80.63,0.00,25.02,3,0,0,0.00
!17,0.0002,-2.8104
!17,0.0002,-2.7875
!01,742810,2,5,4064,2431,-1.98,1.98,113,587,-2.742,-0.006,0.009,0.049,0.032,-0.002,1.000,-2.718,0.032,-0.002,0.00,0.00,0.29,0.05,0.00,437.31,76.03,0.00,25.01,3,0,0,0.00
!17,0.0004,-2.6953
!17,0.0039,-2.6535
!17,0.0056,-2.6307
!17,0.0087,-2.6125
!01,743810,2,5,4051,2544,1.84,4.81,442,808,-2.631,-0.006,0.030,0.046,0.033,-0.000,0.999,-2.601,0.033,-0.000,0.00,0.00,0.07,0.09,0.00,105.99,138.24,0.00,25.02,3,0,0,0.00
!17,0.0061,-2.5858
!17,0.0050,-2.5641
!17,0.0044,-2.5443
!17,0.0043,-2.5247
!17,0.0041,-2.5040
!01,744810,2,5,4051,2673,-0.14,3.25,1214,1145,-2.525,-0.010,0.010,0.055,0.042,0.002,0.999,-2.487,0.042,0.002,0.00,0.00,0.14,0.06,0.00,207.07,82.97,0.00,25.02,3,0,0,0.00
!17,0.0043,-2.4842
!17,0.0032,-2.4597
!17,0.0022,-2.4325
!17,0.0022,-2.4037
!17,0.0022,-2.3755
!01,745810,2,5,4013,2787,-1.56,3.25,1112,899,-2.404,0.002,-0.005,0.055,0.042,0.002,0.999,-2.352,0.042,0.002,0.00,0.00,0.28,0.05,0.00,414.12,76.06,0.00,25.02,3,0,0,0.00
!17,0.0022,-2.3471
!17,0.0022,-2.3173
!17,0.0022,-2.2869
!17,0.0022,-2.2869
!17,0.0024,-2.2558
!01,746810,2,5,3955,2906,-1.70,3.54,1493,1206,-2.256,-0.008,0.011,0.041,0.041,0.001,0.999,-2.194,0.041,0.001,0.00,0.00,0.24,0.05,0.00,356.61,80.67,0.00,25.01,3,0,0,0.00
!17,0.0019,-2.2243
!17,0.0017,-2.1945
!17,0.0015,-2.1656
!17,0.0015,-2.1366
!17,0.0015,-2.1079
!01,747810,2,5,3891,3013,-1.84,2.97,1154,988,-2.108,-0.004,0.008,0.048,0.042,0.001,0.999,-2.042,0.042,0.001,0.00,0.00,0.26,0.06,0.00,391.13,87.58,0.00,25.01,3,0,0,0.00
!17,0.0013,-2.0794
!17,0.0013,-2.0506
!17,0.0017,-2.0216
!17,0.0015,-1.9933
!17,0.0015,-1.9650
!01,748810,2,5,3826,3117,-1.84,2.97,1231,1219,-1.965,-0.007,-0.001,0.058,0.043,0.003,0.999,-1.886,0.043,0.003,0.00,0.00,0.27,0.06,0.00,411.81,89.89,0.00,25.01,3,0,0,0.00
!17,0.0017,-1.9365
!17,0.0017,-1.9073
!17,0.0019,-1.8784
!17,0.0019,-1.8490
!17,0.0017,-1.8210
!01,749810,2,5,3764,3226,-1.84,3.11,832,1244,-1.821,0.015,0.010,0.041,0.041,0.001,0.999,-1.734,0.041,0.001,0.00,0.00,0.31,0.04,0.00,464.76,66.84,0.00,25.01,3,0,0,0.00
!17,0.0019,-1.7905
!17,0.0019,-1.7606
!17,0.0017,-1.7317
!17,0.0017,-1.7026
!17,0.0017,-1.6731
!01,750810,2,5,3700,3337,-1.84,3.11,-143,1001,-1.673,0.001,-0.007,0.057,0.041,-0.003,0.999,-1.577,0.041,-0.003,0.00,0.00,0.29,0.04,0.00,432.55,59.92,0.00,25.01,1,0,0,-1.70
!17,0.0017,-1.6435
!17,0.0054,-1.6139
!17,0.0063,-1.5899
!17,0.0095,-1.5615
!17,0.0120,-1.5377
!01,751810,2,5,3723,3502,3.11,6.08,-1038,867,-1.538,-0.012,0.030,0.050,0.043,-0.006,0.999,-1.420,0.043,-0.006,0.00,0.00,0.08,0.10,0.00,115.24,147.51,0.00,25.01,1,0,0,-1.70
!17,0.0137,-1.5176
!17,0.0152,-1.5043
!17,0.0159,-1.4887
!17,0.0158,-1.4902
!17,0.0072,-1.4810
!01,752810,2,5,3900,3691,4.95,0.57,-1390,-1117,-1.481,-0.026,-0.031,0.047,0.059,-0.011,0.998,-1.384,0.059,-0.011,0.00,0.00,0.05,0.00,0.00,73.82,0.00,0.00,25.00,3,0,0,0.00
!17,0.0054,-1.5010
!17,0.0050,-1.5235
!17,0.0044,-1.5464
!17,0.0035,-1.5674
!17,0.0032,-1.5896
!01,753810,2,5,4026,3681,3.25,-0.85,-1496,-1148,-1.590,-0.018,-0.008,0.065,0.064,-0.014,0.998,-1.517,0.064,-0.014,0.00,0.00,0.09,0.19,0.00,140.76,287.25,0.00,25.01,3,0,0,0.00
!17,0.0028,-1.6134
!17,0.0026,-1.6389
!17,0.0022,-1.6659
!17,0.0024,-1.6950
!17,0.0024,-1.7246
!01,754810,2,5,4142,3632,3.40,-1.56,-1373,-1144,-1.725,0.005,-0.001,0.048,0.058,-0.016,0.998,-1.665,0.058,-0.016,0.00,0.00,0.06,0.20,0.00,89.96,301.15,0.00,25.01,3,0,0,0.00
!17,0.0028,-1.7554
!17,0.0022,-1.7867
!17,0.0020,-1.8154
!17,0.0022,-1.8436
!17,0.0022,-1.8717
!01,755810,2,5,4258,3578,3.11,-1.42,-1600,-1173,-1.872,0.021,0.001,0.039,0.048,-0.011,0.999,-1.813,0.048,-0.011,0.00,0.00,0.04,0.27,0.00,59.94,400.22,0.00,25.01,3,0,0,0.00
!17,0.0020,-1.9003
!17,0.0019,-1.9297
!17,0.0019,-1.9592
!17,0.0017,-1.9881
!17,0.0017,-2.0158
!01,756810,2,5,4368,3517,2.97,-1.70,-1477,-898,-2.016,0.004,0.010,0.046,0.042,-0.007,0.999,-1.964,0.042,-0.007,0.00,0.00,0.06,0.29,0.00,85.28,432.54,0.00,25.00,3,0,0,0.00
!17,0.0017,-2.0437
!17,0.0017,-2.0715
!17,0.0015,-2.0998
!17,0.0015,-2.1286
!17,0.0017,-2.1573
!01,757810,2,5,4475,3453,3.11,-1.84,-1469,-412,-2.157,0.006,0.005,0.046,0.040,-0.005,0.999,-2.111,0.040,-0.005,0.00,0.00,0.06,0.23,0.00,82.97,338.23,0.00,25.01,3,0,0,0.00
!17,0.0015,-2.1862
!17,0.0015,-2.2154
!17,0.0015,-2.2445
!17,0.0013,-2.2735
!17,0.0052,-2.3028
!01,758810,2,5,4586,3401,3.68,0.28,-1475,584,-2.303,-0.003,0.054,0.089,0.039,-0.005,0.999,-2.257,0.039,-0.005,0.00,0.00,0.08,0.00,0.00,117.53,0.00,0.00,25.01,1,0,0,-2.22
!17,0.0063,-2.3230
!17,0.0093,-2.3447
!17,0.0117,-2.3640
!17,0.0135,-2.3800
!17,0.0146,-2.3953
!01,759810,2,5,4781,3505,6.23,4.95,-1463,505,-2.395,-0.001,-0.009,0.065,0.037,-0.005,0.999,-2.348,0.037,-0.005,0.00,0.00,0.11,0.09,0.00,170.52,131.35,0.00,25.00,1,0,0,-2.22
!17,0.0159,-2.4049
!17,0.0165,-2.4111
!17,0.0169,-2.4164
!17,0.0170,-2.4209
!17,0.0085,-2.4243
!01,760810,2,5,5014,3676,5.94,0.57,-1615,-247,-2.424,0.005,-0.062,0.022,0.034,-0.005,0.999,-2.384,0.034,-0.005,0.00,0.00,0.08,0.00,0.00,112.90,0.00,0.00,24.99,3,0,0,0.00
!17,0.0063,-2.4509
!17,0.0054,-2.4774
!17,0.0044,-2.5009
!17,0.0039,-2.5221
!17,0.0050,-2.5443
!01,761810,2,5,5153,3672,3.82,0.00,-1494,430,-2.544,-0.009,0.018,0.073,0.035,-0.007,0.999,-2.520,0.035,-0.007,0.00,0.00,0.11,0.00,0.00,168.20,0.00,0.00,25.00,1,0,0,-2.48
!17,0.0067,-2.5674
!17,0.0100,-2.5921
!17,0.0126,-2.6095
!17,0.0139,-2.6261
!17,0.0152,-2.6415
!01,762810,2,5,5356,3784,6.51,5.09,-1462,743,-2.642,-0.018,0.000,0.065,0.034,-0.009,0.999,-2.611,0.034,-0.009,0.00,0.00,0.16,0.08,0.00,235.02,115.20,0.00,24.99,1,0,0,-2.48
!17,0.0161,-2.6507
!17,0.0165,-2.6570
!17,0.0169,-2.6630
!17,0.0176,-2.6685
!17,0.0174,-2.6722
!01,763810,2,5,5596,4000,6.79,6.51,-1411,-285,-2.672,-0.028,0.018,0.063,0.046,-0.011,0.999,-2.638,0.046,-0.011,0.00,0.00,0.05,0.10,0.00,78.38,142.92,0.00,24.98,3,0,0,0.00
!17,0.0176,-2.6751
!17,0.0083,-2.6767
!17,0.0061,-2.7040
!17,0.0052,-2.7301
!17,0.0044,-2.7537
!01,764810,2,5,5772,4049,3.54,-0.14,-1628,-939,-2.754,0.013,-0.018,0.038,0.053,-0.010,0.999,-2.742,0.053,-0.010,0.00,0.00,0.07,0.08,0.00,101.46,126.47,0.00,24.99,3,0,0,0.00
!17,0.0037,-2.7755
!17,0.0026,-2.7979
!17,0.0020,-2.8248
!17,0.0024,-2.8527
!17,0.0022,-2.8804
!01,765810,2,5,5886,4005,3.25,-1.56,-1463,-377,-2.880,-0.002,-0.012,0.047,0.046,-0.012,0.999,-2.874,0.046,-0.012,0.00,0.00,0.07,0.25,0.00,103.73,368.04,0.00,25.00,3,0,0,0.00
!17,0.0020,-2.9100
!17,0.0020,-2.9392
!17,0.0024,-2.9685
!17,0.0022,-2.9976
!17,0.0054,-3.0260
!01,766810,2,5,6007,3960,3.96,0.14,-1533,455,-3.026,0.027,0.046,0.070,0.042,-0.014,0.999,-3.013,0.042,-0.014,0.00,0.00,0.10,0.00,0.00,145.20,0.00,0.00,25.00,1,0,0,-2.94
!17,0.0069,-3.0503
!17,0.0096,-3.0754
!17,0.0122,-3.0951
!17,0.0137,-3.1131
!17,0.0146,-3.1302
!01,767810,2,5,6209,4066,6.37,4.81,-1553,734,-3.130,-0.017,0.019,0.070,0.042,-0.014,0.999,-3.112,0.042,-0.014,0.00,0.00,0.10,0.15,0.00,147.51,228.18,0.00,24.99,1,0,0,-2.94
!17,0.0156,-3.1390
!17,0.0169,3.1375
!17,0.0174,3.1333
!17,0.0176,3.1300
!17,0.0178,3.1291
!01,768810,2,5,6449,4286,6.79,6.79,-1145,799,3.129,-0.006,-0.000,0.035,0.047,-0.008,0.999,-3.140,0.047,-0.008,0.00,0.00,0.11,0.12,0.00,163.67,182.12,0.00,24.98,1,0,0,-2.94
!17,0.0174,3.1288
!17,0.0170,3.1275
!17,0.0174,3.1253
!17,0.0182,3.1259
!17,0.0178,3.1272
!01,769810,2,5,6688,4521,6.79,6.79,-780,1016,3.127,-0.017,0.011,0.053,0.047,-0.002,0.999,3.139,0.047,-0.002,0.00,0.00,0.12,0.16,0.00,182.12,237.44,0.00,24.96,1,0,0,-2.94
!17,0.0178,3.1277
!17,0.0180,3.1286
!17,0.0178,3.1294
!17,0.0183,3.1305
!17,0.0183,3.1324
!01,770810,2,5,6930,4766,6.93,7.08,-458,743,3.132,0.016,0.007,0.037,0.047,0.000,0.999,3.137,0.047,0.000,0.00,0.00,0.11,0.14,0.00,168.29,209.78,0.00,24.96,1,0,0,-2.94
!17,0.0185,3.1345
!17,0.0182,3.1370
!17,0.0085,3.1386
!17,0.0063,-3.1102
!17,0.0052,-3.0856
!01,771810,2,5,7032,4970,0.00,3.96,520,724,-3.086,-0.021,-0.022,0.057,0.045,-0.004,0.999,-3.066,0.045,-0.004,0.00,0.00,0.00,0.08,0.00,0.00,124.47,0.00,24.97,3,0,0,0.00
!17,0.0044,-3.0642
!17,0.0043,-3.0431
!17,0.0035,-3.0243
!17,0.0024,-3.0009
!17,0.0020,-2.9724
!01,772810,2,5,7005,5087,-1.70,3.25,140,683,-2.972,-0.005,-0.008,0.056,0.043,-0.000,0.999,-2.941,0.043,-0.000,0.00,0.00,0.13,0.06,0.00,200.15,92.19,0.00,24.99,3,0,0,0.00
!17,0.0022,-2.9433
!17,0.0024,-2.9145
!17,0.0056,-2.8860
!17,0.0054,-2.8609
!17,0.0061,-2.8368
!01,773810,2,5,6984,5225,0.00,4.67,-685,752,-2.837,0.001,0.018,0.060,0.040,0.004,0.999,-2.800,0.040,0.004,0.00,0.00,0.00,0.10,0.00,0.00,149.80,0.00,25.00,1,0,0,-2.91
!17,0.0087,-2.8081
!17,0.0117,-2.7850
!17,0.0132,-2.7617
!17,0.0146,-2.7479
!17,0.0152,-2.7368
!01,774810,2,5,7111,5440,5.09,6.51,-997,670,-2.737,0.020,0.016,0.042,0.040,0.001,0.999,-2.705,0.040,0.001,0.00,0.00,0.11,0.07,0.00,165.93,99.10,0.00,24.99,1,0,0,-2.91
!17,0.0158,-2.7283
!17,0.0167,-2.7229
!17,0.0165,-2.7204
!17,0.0169,-2.7183
!17,0.0172,-2.7163
!01,775810,2,5,7327,5672,6.51,6.65,631,693,-2.716,0.008,0.004,0.048,0.045,-0.005,0.999,-2.681,0.045,-0.005,0.00,0.00,0.11,0.08,0.00,170.58,119.87,0.00,24.98,3,0,0,0.00
!17,0.0083,-2.7150
!17,0.0059,-2.6782
!17,0.0050,-2.6585
!17,0.0041,-2.6395
!17,0.0043,-2.6206
!01,776810,2,5,7331,5817,0.00,3.25,758,753,-2.621,-0.001,0.006,0.051,0.045,-0.007,0.999,-2.573,0.045,-0.007,0.00,0.00,0.31,0.05,0.00,462.39,71.46,0.00,24.99,3,0,0,0.00
!17,0.0032,-2.6015
!17,0.0026,-2.5766
!17,0.0024,-2.5500
!17,0.0024,-2.5216
!17,0.0020,-2.4934
!01,777810,2,5,7284,5932,-1.70,3.25,584,611,-2.493,0.007,0.002,0.048,0.039,-0.006,0.999,-2.436,0.039,-0.006,0.00,0.00,0.23,0.05,0.00,340.55,76.05,0.00,25.00,3,0,0,0.00
!17,0.0020,-2.4644
!17,0.0020,-2.4350
!17,0.0020,-2.4054
!17,0.0022,-2.3759
!17,0.0020,-2.3466
!01,778810,2,5,7224,6048,-1.70,3.25,566,698,-2.347,-0.005,0.003,0.061,0.035,-0.005,0.999,-2.284,0.035,-0.005,0.00,0.00,0.26,0.07,0.00,393.52,108.30,0.00,25.00,3,0,0,0.00
!17,0.0020,-2.3170
!17,0.0022,-2.2868
!17,0.0022,-2.2565
!17,0.0020,-2.2270
!17,0.0022,-2.1978
!01,779810,2,5,7163,6167,-1.70,3.40,138,749,-2.198,-0.006,-0.009,0.066,0.033,-0.004,0.999,-2.132,0.033,-0.004,0.00,0.00,0.15,0.07,0.00,220.94,110.59,0.00,25.00,3,0,0,0.00
!17,0.0019,-2.1688
!17,0.0022,-2.1394
!17,0.0020,-2.1099
!17,0.0020,-2.0805
!17,0.0057,-2.0518
!01,780810,2,5,7116,6289,0.14,4.25,-499,778,-2.052,0.056,0.005,0.026,0.031,-0.003,1.000,-1.979,0.031,-0.003,0.00,0.00,0.00,0.10,0.00,0.00,156.66,0.00,25.00,1,0,0,-2.14
!17,0.0065,-2.0262
!17,0.0098,-1.9960
!17,0.0120,-1.9754
!17,0.0135,-1.9570
!17,0.0143,-1.9463
!01,781810,2,5,7216,6492,4.81,6.08,-333,692,-1.946,-0.009,-0.011,0.057,0.034,-0.005,0.999,-1.865,0.034,-0.005,0.00,0.00,0.06,0.14,0.00,85.25,205.06,0.00,24.99,1,0,0,-2.14
!17,0.0156,-1.9392
!17,0.0167,-1.9324
!17,0.0169,-1.9269
!17,0.0170,-1.9238
!17,0.0174,-1.9216
!01,782810,2,5,7430,6729,6.51,6.79,577,842,-1.922,-0.007,-0.002,0.057,0.044,-0.006,0.999,-1.841,0.044,-0.006,0.00,0.00,0.11,0.12,0.00,163.65,186.70,0.00,24.98,3,0,0,0.00
!17,0.0085,-1.9196
!17,0.0063,-1.8809
!17,0.0052,-1.8603
!17,0.0043,-1.8384
!17,0.0044,-1.8185
!01,783810,2,5,7434,6880,0.00,3.40,445,594,-1.819,0.001,-0.001,0.049,0.046,-0.006,0.999,-1.735,0.046,-0.006,0.00,0.00,0.20,0.08,0.00,296.75,117.56,0.00,24.99,3,0,0,0.00
!17,0.0035,-1.7981
!17,0.0032,-1.7719
!17,0.0022,-1.7440
!17,0.0017,-1.7177
!17,0.0017,-1.6922
!01,784810,2,5,7388,6992,-1.70,2.97,206,718,-1.692,0.018,0.018,0.045,0.038,-0.004,0.999,-1.600,0.038,-0.004,0.00,0.00,0.17,0.06,0.00,260.03,92.18,0.00,24.99,3,0,0,0.00
!17,0.0020,-1.6614
!17,0.0017,-1.6305
!17,0.0019,-1.6018
!17,0.0054,-1.5741
!17,0.0065,-1.5493
!01,785810,2,5,7352,7122,0.14,4.81,-513,715,-1.549,0.035,0.008,0.039,0.037,-0.003,0.999,-1.434,0.037,-0.003,0.00,0.00,0.01,0.10,0.00,18.43,147.48,0.00,25.00,1,0,0,-1.66
!17,0.0095,-1.5203
!17,0.0120,-1.4995
!17,0.0137,-1.4812
!17,0.0141,-1.4721
!17,0.0152,-1.4674
!01,786810,2,5,7491,7331,5.38,6.23,-183,530,-1.467,0.000,0.004,0.044,0.047,0.001,0.999,-1.348,0.047,0.001,0.00,0.00,0.12,0.15,0.00,184.42,228.22,0.00,24.98,1,0,0,-1.66
!17,0.0165,-1.4613
!17,0.0176,-1.4529
!17,0.0095,-1.4383
!17,0.0083,-1.3967
!17,0.0069,-1.3656
!01,787810,2,5,7579,7560,0.00,5.24,752,667,-1.366,0.001,-0.004,0.054,0.054,-0.001,0.999,-1.258,0.054,-0.001,0.00,0.00,0.00,0.03,0.00,0.00,50.73,0.00,24.98,3,0,0,0.00
!17,0.0056,-1.3366
!17,0.0048,-1.3130
!17,0.0041,-1.2916
!17,0.0043,-1.2723
!17,0.0044,-1.2523
!01,788810,2,5,7579,7685,0.00,3.40,763,609,-1.252,-0.007,-0.001,0.053,0.055,0.004,0.998,-1.145,0.055,0.004,0.00,0.00,0.30,0.07,0.00,446.05,106.09,0.00,24.99,3,0,0,0.00
!17,0.0043,-1.2311
!17,0.0024,-1.2044
!17,0.0022,-1.1735
!17,0.0028,-1.1340
!17,0.0022,-1.1045
!01,789810,2,5,7530,7809,-1.70,3.40,862,701,-1.104,0.001,-0.007,0.046,0.049,-0.001,0.999,-0.994,0.049,-0.001,0.00,0.00,0.25,0.04,0.00,379.50,59.94,0.00,25.00,3,0,0,0.00
!17,0.0019,-1.0774
!17,0.0011,-1.0613
!17,0.0009,-1.0388
!17,0.0006,-1.0179
!17,0.0009,-0.9960
!01,790810,2,5,7472,7896,-1.70,2.41,722,612,-0.996,-0.008,-0.009,0.050,0.046,-0.002,0.999,-0.885,0.046,-0.002,0.00,0.00,0.22,0.06,0.00,326.65,82.99,0.00,24.99,3,0,0,0.00
!17,0.0009,-0.9724
!17,0.0017,-0.9472
!17,0.0015,-0.9199
!17,0.0019,-0.8907
!17,0.0020,-0.8512
!01,791810,2,5,7413,7998,-1.70,3.25,809,781,-0.851,-0.077,-0.086,0.090,0.050,0.002,0.999,-0.733,0.050,0.002,0.00,0.00,0.25,0.03,0.00,381.77,48.42,0.00,25.00,3,0,0,0.00
!17,0.0019,-0.8207
!17,0.0022,-0.7888
!17,0.0020,-0.7578
!17,0.0015,-0.7312
!17,0.0009,-0.7125
!01,792810,2,5,7352,8105,-1.70,2.41,579,683,-0.713,-0.035,-0.036,0.070,0.044,-0.006,0.999,-0.590,0.044,-0.006,0.00,0.00,0.15,0.09,0.00,220.85,133.69,0.00,25.00,3,0,0,0.00
!17,0.0009,-0.6889
!17,0.0006,-0.6657
!17,0.0007,-0.6421
!17,0.0009,-0.6184
!17,0.0011,-0.5935
!01,793810,2,5,7293,8187,-1.70,2.55,328,767,-0.593,-0.016,-0.001,0.053,0.050,0.000,0.999,-0.469,0.050,0.000,0.00,0.00,0.21,0.06,0.00,308.19,96.83,0.00,25.00,3,0,0,0.00
!17,0.0013,-0.5674
!17,0.0017,-0.5409
!17,0.0017,-0.5116
!17,0.0022,-0.4731
charger conn=0 chgEnabled=0 chgTime=13 charger: 0.00 V  0.00 A  bat: 25.00 V  switchOffAllowed=0
!17,0.0022,-0.4438
!01,794810,2,5,7233,8296,-1.70,3.40,-411,837,-0.444,-0.016,-0.009,0.052,0.048,-0.004,0.999,-0.310,0.048,-0.004,0.00,0.00,0.25,0.03,0.00,380.39,41.50,0.00,25.00,1,0,0,-0.51
!17,0.0056,-0.4162
!17,0.0061,-0.3934
!17,0.0091,-0.3730
!17,0.0115,-0.3567
!17,0.0132,-0.3416
!01,795810,2,5,7299,8475,4.10,5.94,-539,642,-0.342,0.010,0.007,0.039,0.046,-0.009,0.999,-0.207,0.046,-0.009,0.00,0.00,0.10,0.13,0.00,145.22,193.63,0.00,24.99,1,0,0,-0.51
!17,0.0146,-0.3300
!17,0.0158,-0.3215
!17,0.0159,-0.3166
!17,0.0167,-0.3146
!17,0.0174,-0.3116
!01,796810,2,5,7503,8705,6.51,6.79,643,1073,-0.312,-0.007,-0.007,0.047,0.056,-0.013,0.998,-0.182,0.056,-0.013,0.00,0.00,0.13,0.12,0.00,198.35,172.98,0.00,24.98,3,0,0,0.00
!17,0.0085,-0.3047
!17,0.0061,-0.2751
!17,0.0052,-0.2492
!17,0.0046,-0.2269
!17,0.0033,-0.2058
!01,797810,2,5,7503,8855,-0.57,3.11,760,1048,-0.206,-0.032,0.004,0.064,0.058,-0.013,0.998,-0.076,0.058,-0.013,0.00,0.00,0.28,0.03,0.00,416.11,50.74,0.00,24.99,3,0,0,0.00
!17,0.0041,-0.1852
!17,0.0041,-0.1668
!17,0.0024,-0.1472
!17,0.0017,-0.1196
!17,0.0015,-0.0908
!01,798810,2,5,7469,8963,-1.84,2.97,353,1123,-0.091,0.012,0.001,0.047,0.052,-0.013,0.999,0.043,0.052,-0.013,0.00,0.00,0.28,0.08,0.00,423.14,124.51,0.00,24.99,3,0,0,0.00
!17,0.0015,-0.0620
!17,0.0015,-0.0327
!17,0.0017,-0.0030
!17,0.0054,0.0247
!17,0.0065,0.0512
!01,799810,2,5,7430,9091,0.00,4.95,-657,904,0.051,-0.007,0.017,0.053,0.045,-0.012,0.999,0.189,0.045,-0.012,0.00,0.00,0.02,0.11,0.00,27.66,161.35,0.00,24.99,1,0,0,-0.06
!17,0.0096,0.0798
!17,0.0120,0.0988
!17,0.0135,0.1148
!17,0.0150,0.1255
!17,0.0156,0.1368
!01,800810,2,5,7570,9306,5.38,6.51,-1227,941,0.137,-0.090,0.030,0.100,0.049,-0.015,0.999,0.271,0.049,-0.015,0.00,0.00,0.10,0.13,0.00,152.16,200.58,0.00,24.98,1,0,0,-0.06
!17,0.0165,0.1455
!17,0.0167,0.1481
!17,0.0170,0.1506
!17,0.0172,0.1522
!17,0.0174,0.1529
!01,801810,2,5,7793,9541,6.65,6.65,-1402,168,0.153,-0.009,-0.006,0.052,0.049,-0.019,0.999,0.276,0.049,-0.019,0.00,0.00,0.08,0.10,0.00,112.97,145.24,0.00,24.97,1,0,0,-0.06
!17,0.0176,0.1538
!17,0.0176,0.1548
!17,0.0083,0.1558
!17,0.0063,0.1212
!17,0.0054,0.0960
!01,802810,2,5,7991,9641,4.10,0.00,-1617,-772,0.096,0.004,-0.043,0.053,0.050,-0.023,0.998,0.215,0.050,-0.023,0.00,0.00,0.04,0.00,0.00,53.03,0.00,0.00,24.97,3,0,0,0.00
!17,0.0048,0.0718
!17,0.0037,0.0507
!17,0.0030,0.0265
!17,0.0024,-0.0006
!17,0.0020,-0.0290
!01,803810,2,5,8110,9608,3.25,-1.70,-1537,-185,-0.029,-0.002,-0.004,0.053,0.047,-0.025,0.999,0.086,0.047,-0.025,0.00,0.00,0.05,0.27,0.00,80.69,402.53,0.00,24.98,3,0,0,0.00
!17,0.0020,-0.0586
!17,0.0020,-0.0882
!17,0.0056,-0.1157
!17,0.0070,-0.1413
!17,0.0098,-0.1665
!01,804810,2,5,8258,9603,5.52,1.98,-1364,577,-0.166,0.013,0.016,0.035,0.044,-0.027,0.999,-0.054,0.044,-0.027,0.00,0.00,0.08,0.04,0.00,117.56,62.24,0.00,24.98,1,0,0,-0.03
!17,0.0119,-0.1857
!17,0.0135,-0.1980
!17,0.0146,-0.2132
!17,0.0158,-0.2186
!17,0.0163,-0.2243
!01,805810,2,5,8476,9774,6.51,5.94,-1423,933,-0.224,0.007,-0.003,0.036,0.048,-0.027,0.998,-0.109,0.048,-0.027,0.00,0.00,0.14,0.08,0.00,216.71,112.97,0.00,24.97,1,0,0,-0.03
!17,0.0167,-0.2289
!17,0.0169,-0.2316
!17,0.0174,-0.2320
!17,0.0174,-0.2308
!17,0.0176,-0.2301
!01,806810,2,5,8710,10004,6.65,6.79,-1464,570,-0.230,-0.007,-0.005,0.040,0.049,-0.025,0.998,-0.107,0.049,-0.025,0.00,0.00,0.12,0.08,0.00,186.74,126.80,0.00,24.96,1,0,0,-0.03
!17,0.0174,-0.2299
!17,0.0172,-0.2298
!17,0.0176,-0.2296
!17,0.0083,-0.2329
!17,0.0059,-0.2627
!01,807810,2,5,8923,10150,4.53,0.00,-1538,-670,-0.263,0.022,-0.008,0.042,0.053,-0.024,0.998,-0.136,0.053,-0.024,0.00,0.00,0.06,0.00,0.00,89.93,0.00,0.00,24.97,3,0,0,0.00
!17,0.0052,-0.2881
!17,0.0044,-0.3111
!17,0.0032,-0.3334
!17,0.0030,-0.3575
!17,0.0024,-0.3827
!01,808810,2,5,9044,10127,3.11,-1.27,-1462,-209,-0.383,-0.005,-0.010,0.048,0.051,-0.026,0.998,-0.263,0.051,-0.026,0.00,0.00,0.05,0.16,0.00,80.70,234.57,0.00,24.98,3,0,0,0.00
!17,0.0026,-0.4091
!17,0.0019,-0.4368
!17,0.0019,-0.4652
!17,0.0054,-0.4916
!17,0.0069,-0.5157
!01,809810,2,5,9172,10099,4.67,0.57,-1462,473,-0.516,-0.025,0.003,0.057,0.047,-0.027,0.999,-0.395,0.047,-0.027,0.00,0.00,0.11,0.05,0.00,163.67,69.16,0.00,24.98,1,0,0,-0.41
setPaused=1
startGyroCalibration
!17,0.0017,-0.5382
stopImmediately
!01,810810,1,5,9179,10101,0.00,0.00,-1364,559,-0.535,0.007,-0.007,0.046,0.047,-0.027,0.999,-0.415,0.047,-0.027,0.00,0.00,0.00,0.00,0.00,0.00,0.00,0.00,25.00,5,1,0,-0.41
!01,811810,1,5,9179,10101,0.00,0.00,-1421,625,-0.535,-0.005,-0.003,0.048,0.046,-0.026,0.999,-0.413,0.046,-0.026,0.00,0.00,0.00,0.00,0.00,0.00,0.00,0.00,25.02,5,1,0,-0.41
!01,812810,1,5,9179,10101,0.00,0.00,-1465,584,-0.535,-0.005,0.000,0.046,0.046,-0.026,0.999,-0.410,0.046,-0.026,0.00,0.00,0.00,0.00,0.00,0.00,0.00,0.00,25.03,5,1,0,-0.41
!01,813810,1,5,9179,10101,0.00,0.00,-1271,493,-0.535,-0.002,0.000,0.051,0.046,-0.025,0.999,-0.410,0.046,-0.025,0.00,0.00,0.00,0.00,0.00,0.00,0.00,0.00,25.03,5,1,0,-0.41
!01,814812,1,5,9179,10101,0.00,0.00,-1327,582,-0.536,-0.003,0.000,0.052,0.045,-0.025,0.999,-0.409,0.045,-0.025,0.00,0.00,0.00,0.00,0.00,0.00,0.00,0.00,25.04,5,1,0,-0.41
gyro count 25 bias 0,0,-2  dps 0.23  max 0.01
IMU runSelfTest - accelSelfTest=0
mpu_set_gyro_bias_reg (delta)=0,0,1
!01,815917,1,1,9179,10101,0.00,0.00,-1327,582,-0.536,-0.003,0.000,0.052,0.045,-0.025,0.999,-0.409,0.045,-0.025,0.00,0.00,0.00,0.00,0.00,0.00,0.00,0.00,25.04,5,1,0,-0.41
gyro count 5 bias 0,0,0  dps 0.03  max 0.01
IMU runSelfTest - accelSelfTest=0
mpu_set_gyro_bias_reg (delta)=1,0,-1
!01,818013,1,5,9179,10101,0.00,0.00,-1422,623,-0.536,-0.005,-0.001,0.049,0.045,-0.025,0.999,-0.408,0.045,-0.025,0.00,0.00,0.00,0.00,0.00,0.00,0.00,0.00,25.04,5,1,0,-0.41
gyro count 5 bias 0,-1,-1  dps 0.01  max 0.01
IMU runSelfTest - accelSelfTest=0
mpu_set_gyro_bias_reg (delta)=0,0,0
!01,820099,1,5,9179,10101,0.00,0.00,-1414,627,-0.536,-0.004,-0.001,0.047,0.045,-0.025,0.999,-0.407,0.045,-0.025,0.00,0.00,0.00,0.00,0.00,0.00,0.00,0.00,25.04,5,1,0,-0.41
gyro count 5 bias 0,-1,0  dps 0.00  max 0.01
DONE! ypr.pitch=2.59
ypr.roll=-1.41
comYaw=-23.41
nextGyroCalTime=1001082
!01,821100,1,5,9179,10101,0.00,0.00,-1486,560,-0.536,0.000,-0.001,0.053,0.045,-0.025,0.999,-0.408,0.045,-0.025,0.00,0.00,0.00,0.00,0.00,0.00,0.00,0.00,25.04,5,0,0,-0.41
setPaused=0
!17,0.0002,-0.4083
!17,0.0046,-0.4077
!17,0.0082,-0.4079
!01,822101,2,5,9210,10140,2.83,3.40,-1320,520,-0.408,0.037,-0.022,0.042,0.044,-0.024,0.999,-0.402,0.044,-0.024,0.00,0.00,0.06,0.10,0.00,92.20,149.82,0.00,25.03,1,0,0,-0.41
!17,0.0107,-0.4085
!17,0.0130,-0.4060
!17,0.0141,-0.4027
!17,0.0159,-0.4029
!17,0.0163,-0.4020
!01,823101,2,5,9392,10336,6.08,6.37,-1341,331,-0.402,0.017,0.001,0.038,0.049,-0.024,0.999,-0.395,0.049,-0.024,0.00,0.00,0.07,0.12,0.00,110.66,184.44,0.00,25.00,1,0,0,-0.41
!17,0.0170,-0.3993
!17,0.0170,-0.3985
!17,0.0174,-0.3998
!17,0.0174,-0.4007
!17,0.0174,-0.4022
!01,824101,2,5,9625,10569,6.65,6.65,-1080,938,-0.402,-0.005,0.011,0.044,0.049,-0.022,0.999,-0.396,0.049,-0.022,0.00,0.00,0.12,0.09,0.00,184.44,138.33,0.00,24.98,1,0,0,-0.41
!17,0.0176,-0.4022
!17,0.0174,-0.4023
!17,0.0172,-0.4027
!17,0.0170,-0.4060
!17,0.0174,-0.4071
!01,825101,2,5,9859,10803,6.51,6.79,838,984,-0.407,-0.002,-0.001,0.045,0.048,-0.020,0.999,-0.401,0.048,-0.020,0.00,0.00,0.10,0.12,0.00,145.24,186.73,0.00,24.97,3,0,0,0.00
!17,0.0089,-0.4080
!17,0.0063,-0.3722
!17,0.0054,-0.3465
!17,0.0048,-0.3233
!17,0.0041,-0.3018
!01,826101,2,5,9863,10958,-0.14,3.25,963,899,-0.302,-0.022,0.001,0.054,0.047,-0.016,0.999,-0.293,0.047,-0.016,0.00,0.00,0.21,0.04,0.00,322.03,64.55,0.00,24.98,3,0,0,0.00
!17,0.0043,-0.2819
!17,0.0033,-0.2622
!17,0.0022,-0.2360
!17,0.0022,-0.2073
!17,0.0022,-0.1790
!01,827101,2,5,9825,11073,-1.56,3.25,725,763,-0.179,0.020,0.003,0.046,0.041,-0.013,0.999,-0.165,0.041,-0.013,0.00,0.00,0.31,0.07,0.00,462.47,99.10,0.00,24.99,3,0,0,0.00
!17,0.0022,-0.1507
!17,0.0022,-0.1223
!17,0.0022,-0.0934
!17,0.0024,-0.0641
!17,0.0022,-0.0342
!01,828101,2,5,9769,11190,-1.70,3.40,414,998,-0.034,0.002,0.013,0.047,0.037,-0.011,0.999,-0.016,0.037,-0.011,0.00,0.00,0.23,0.04,0.00,352.08,59.91,0.00,24.99,3,0,0,0.00
!17,0.0024,-0.0037
!17,0.0024,0.0263
!17,0.0022,0.0558
!17,0.0054,0.0841
!17,0.0054,0.1094
!01,829101,2,5,9735,11320,0.00,4.10,-225,792,0.109,-0.020,0.008,0.055,0.033,-0.009,0.999,0.129,0.033,-0.009,0.00,0.00,0.00,0.04,0.00,0.00,55.30,0.00,24.99,1,0,0,0.06
!17,0.0061,0.1343
!17,0.0089,0.1623
!17,0.0113,0.1841
!17,0.0128,0.2030
!17,0.0143,0.2181
!01,830101,2,5,9824,11519,4.53,6.37,-571,1031,0.218,0.002,-0.009,0.042,0.035,-0.011,0.999,0.234,0.035,-0.011,0.00,0.00,0.06,0.12,0.00,85.25,177.42,0.00,24.98,1,0,0,0.06
!17,0.0148,0.2299
!17,0.0159,0.2396
!17,0.0165,0.2472
!17,0.0169,0.2531
!17,0.0172,0.2574
!01,831101,2,5,10025,11757,6.37,6.79,539,1031,0.257,0.005,0.008,0.051,0.039,-0.012,0.999,0.277,0.039,-0.012,0.00,0.00,0.09,0.13,0.00,140.57,191.27,0.00,24.97,3,0,0,0.00
!17,0.0083,0.2620
!17,0.0061,0.2961
!17,0.0052,0.3203
!17,0.0044,0.3420
!17,0.0044,0.3623
!01,832101,2,5,10029,11907,0.00,3.40,389,884,0.362,-0.005,-0.007,0.048,0.037,-0.012,0.999,0.384,0.037,-0.012,0.00,0.00,0.31,0.10,0.00,462.54,145.17,0.00,24.98,3,0,0,0.00
!17,0.0037,0.3820
!17,0.0030,0.4077
!17,0.0024,0.4355
!17,0.0026,0.4645
!17,0.0026,0.4943
!01,833101,2,5,9985,12028,-1.56,3.54,-297,1028,0.494,-0.009,0.005,0.056,0.032,-0.010,0.999,0.512,0.032,-0.010,0.00,0.00,0.30,0.06,0.00,446.50,94.46,0.00,24.98,1,0,0,0.46
!17,0.0020,0.5251
!17,0.0054,0.5521
!17,0.0065,0.5774
!17,0.0093,0.6057
!17,0.0120,0.6234
!01,834101,2,5,10010,12193,3.25,5.94,-1170,900,0.623,0.014,0.005,0.047,0.029,-0.010,1.000,0.630,0.029,-0.010,0.00,0.00,0.08,0.11,0.00,126.70,163.56,0.00,24.98,1,0,0,0.46
!17,0.0135,0.6424
!17,0.0150,0.6539
!17,0.0158,0.6626
!17,0.0163,0.6680
!17,0.0165,0.6712
!01,835101,2,5,10197,12422,6.08,6.51,-1332,840,0.671,-0.002,-0.006,0.052,0.037,-0.011,0.999,0.673,0.037,-0.011,0.00,0.00,0.10,0.08,0.00,149.78,119.83,0.00,24.97,1,0,0,0.46
!17,0.0170,0.6729
!17,0.0169,0.6738
!17,0.0174,0.6731
!17,0.0180,0.6695
!17,0.0174,0.6678
!01,836101,2,5,10433,12654,6.79,6.51,-1425,613,0.668,-0.014,-0.000,0.052,0.045,-0.011,0.999,0.668,0.045,-0.011,0.00,0.00,0.13,0.09,0.00,195.94,133.70,0.00,24.96,1,0,0,0.46
!17,0.0176,0.6665
!17,0.0178,0.6660
!17,0.0176,0.6665
!17,0.0178,0.6657
!17,0.0172,0.6605
!01,837101,2,5,10674,12888,6.79,6.37,-1398,-177,0.660,-0.017,0.019,0.041,0.049,-0.009,0.999,0.650,0.049,-0.009,0.00,0.00,0.15,0.09,0.00,221.33,140.64,0.00,24.95,3,0,0,0.00
!17,0.0085,0.6577
!17,0.0063,0.6204
!17,0.0052,0.5938
!17,0.0061,0.5697
!17,0.0083,0.5422
!01,838101,2,5,10849,12899,5.38,0.99,-1408,420,0.542,0.021,-0.005,0.038,0.046,-0.009,0.999,0.529,0.046,-0.009,0.00,0.00,0.14,0.03,0.00,214.38,50.71,0.00,24.96,1,0,0,0.66
!17,0.0111,0.5186
!17,0.0128,0.5016
!17,0.0145,0.4875
!17,0.0150,0.4744
!17,0.0156,0.4662
!01,839101,2,5,11072,13048,6.51,5.38,-942,949,0.466,0.012,0.003,0.050,0.050,-0.010,0.999,0.437,0.050,-0.010,0.00,0.00,0.12,0.10,0.00,186.76,149.87,0.00,24.96,1,0,0,0.66
!17,0.0163,0.4609
!17,0.0170,0.4582
!17,0.0170,0.4565
!17,0.0174,0.4563
!17,0.0083,0.4595
!01,840101,2,5,11263,13268,0.57,5.80,1103,909,0.460,-0.074,0.111,0.028,0.050,-0.008,0.999,0.420,0.050,-0.008,0.00,0.00,0.00,0.08,0.00,0.00,126.81,0.00,24.96,3,0,0,0.00
!17,0.0061,0.4977
!17,0.0052,0.5182
!17,0.0043,0.5417
!17,0.0041,0.5626
!17,0.0041,0.5810
!01,841101,2,5,11261,13398,0.00,3.11,1038,884,0.581,0.001,0.007,0.045,0.044,-0.005,0.999,0.538,0.044,-0.005,0.00,0.00,0.38,0.08,0.00,565.93,117.55,0.00,24.97,3,0,0,0.00
!17,0.0026,0.5997
!17,0.0020,0.6263
!17,0.0019,0.6543
!17,0.0017,0.6827
!17,0.0020,0.7112
!01,842101,2,5,11207,13507,-1.70,3.25,1260,1086,0.711,-0.003,-0.006,0.046,0.038,-0.002,0.999,0.671,0.038,-0.002,0.00,0.00,0.24,0.05,0.00,356.66,76.05,0.00,24.98,3,0,0,0.00
!17,0.0020,0.7405
!17,0.0020,0.7697
!17,0.0022,0.7985
!17,0.0020,0.8274
!17,0.0020,0.8562
!01,843101,2,5,11149,13621,-1.56,3.11,1105,1148,0.856,0.001,-0.004,0.051,0.034,-0.003,0.999,0.813,0.034,-0.003,0.00,0.00,0.26,0.06,0.00,393.55,85.25,0.00,24.98,3,0,0,0.00
!17,0.0020,0.8845
!17,0.0020,0.9123
!17,0.0020,0.9401
!17,0.0019,0.9688
!17,0.0020,0.9975
!01,844101,2,5,11091,13733,-1.70,3.25,657,1127,0.997,-0.005,0.007,0.047,0.033,-0.002,0.999,0.952,0.033,-0.002,0.00,0.00,0.17,0.05,0.00,253.16,73.73,0.00,24.98,3,0,0,0.00
!17,0.0019,1.0266
!17,0.0024,1.0565
!17,0.0020,1.0861
!17,0.0020,1.1156
!17,0.0020,1.1452
!01,845101,2,5,11032,13848,-1.70,3.25,-372,959,1.145,-0.003,0.015,0.051,0.031,-0.003,1.000,1.097,0.031,-0.003,0.00,0.00,0.18,0.05,0.00,264.94,78.33,0.00,24.98,1,0,0,1.09
!17,0.0056,1.1729
!17,0.0063,1.1991
!17,0.0096,1.2278
!17,0.0117,1.2457
!17,0.0130,1.2567
!01,846101,2,5,11099,14030,4.25,5.66,-1298,781,1.257,0.040,0.040,0.013,0.030,-0.004,1.000,1.202,0.030,-0.004,0.00,0.00,0.08,0.11,0.00,119.80,165.87,0.00,24.98,1,0,0,1.09
!17,0.0145,1.2711
!17,0.0159,1.2787
!17,0.0161,1.2856
!17,0.0163,1.2923
!17,0.0078,1.2962
!01,847101,2,5,11290,14220,5.24,0.71,-1550,-602,1.296,-0.018,-0.150,-0.005,0.038,-0.006,0.999,1.234,0.038,-0.006,0.00,0.00,0.04,0.00,0.00,64.52,0.00,0.00,24.97,3,0,0,0.00
!17,0.0056,1.2635
!17,0.0052,1.2433
!17,0.0043,1.2205
!17,0.0035,1.1986
!17,0.0028,1.1752
!01,848101,2,5,11418,14207,3.11,-0.99,-1506,81,1.175,0.019,-0.013,0.037,0.042,-0.013,0.999,1.132,0.042,-0.013,0.00,0.00,0.07,0.16,0.00,101.41,241.58,0.00,24.98,1,0,0,1.20
!17,0.0024,1.1497
!17,0.0054,1.1246
!17,0.0069,1.1008
!17,0.0093,1.0776
!17,0.0122,1.0561
!01,849101,2,5,11581,14239,6.08,3.25,-1504,738,1.056,0.041,0.043,0.047,0.037,-0.017,0.999,1.007,0.037,-0.017,0.00,0.00,0.12,0.09,0.00,186.65,129.04,0.00,24.97,1,0,0,1.20
!17,0.0137,1.0398
!17,0.0148,1.0240
!17,0.0159,1.0164
!17,0.0163,1.0106
!17,0.0167,1.0062
!01,850101,2,5,11811,14427,6.65,6.08,-369,874,1.006,0.002,0.006,0.026,0.042,-0.019,0.999,0.965,0.042,-0.019,0.00,0.00,0.11,0.14,0.00,170.56,202.82,0.00,24.96,1,0,0,1.20
!17,0.0169,1.0030
!17,0.0172,1.0010
!17,0.0174,0.9998
!17,0.0172,0.9990
!17,0.0083,1.0011
!01,851101,2,5,12002,14652,0.57,5.80,1110,1076,1.001,-0.250,0.117,0.121,0.047,-0.020,0.999,0.977,0.047,-0.020,0.00,0.00,0.00,0.08,0.00,0.00,117.57,0.00,24.95,3,0,0,0.00
!17,0.0057,1.0340
!17,0.0054,1.0572
!17,0.0048,1.0799
!17,0.0041,1.1009
!17,0.0039,1.1207
!01,852101,2,5,11999,14784,-0.28,3.25,1149,1132,1.121,0.008,-0.006,0.051,0.044,-0.013,0.999,1.093,0.044,-0.013,0.00,0.00,0.38,0.07,0.00,568.24,101.42,0.00,24.97,3,0,0,0.00
!17,0.0028,1.1442
!17,0.0022,1.1719
!17,0.0024,1.2013
!17,0.0022,1.2305
!17,0.0024,1.2600
!01,853101,2,5,11946,14902,-1.56,3.40,762,1104,1.260,-0.003,-0.006,0.060,0.036,-0.012,0.999,1.223,0.036,-0.012,0.00,0.00,0.23,0.06,0.00,340.58,89.87,0.00,24.97,3,0,0,0.00
!17,0.0024,1.2897
!17,0.0022,1.3186
!17,0.0019,1.3471
!17,0.0019,1.3748
!17,0.0019,1.4027
!01,854101,2,5,11889,15014,-1.70,3.11,-59,1003,1.403,0.008,0.016,0.045,0.035,-0.008,0.999,1.356,0.035,-0.008,0.00,0.00,0.25,0.07,0.00,370.52,108.29,0.00,24.98,1,0,0,1.37
!17,0.0020,1.4313
!17,0.0056,1.4582
!17,0.0069,1.4853
!17,0.0096,1.5143
!17,0.0119,1.5326
charger conn=0 chgEnabled=0 chgTime=14 charger: 0.00 V  0.00 A  bat: 24.98 V  switchOffAllowed=0
!01,855102,2,5,11914,15183,3.25,5.80,-914,1021,1.533,-0.001,-0.008,0.048,0.036,-0.006,0.999,1.465,0.036,-0.006,0.00,0.00,0.05,0.13,0.00,80.65,191.25,0.00,24.98,1,0,0,1.37
!17,0.0133,1.5467
!17,0.0146,1.5579
!17,0.0158,1.5669
!17,0.0163,1.5737
!17,0.0169,1.5784
!01,856103,2,5,12100,15412,6.08,6.79,-1272,633,1.578,-0.002,-0.004,0.042,0.045,-0.005,0.999,1.503,0.045,-0.005,0.00,0.00,0.10,0.09,0.00,152.13,140.61,0.00,24.96,1,0,0,1.37
!17,0.0170,1.5830
!17,0.0176,1.5862
!17,0.0176,1.5875
!17,0.0082,1.5859
!17,0.0061,1.5494
!01,857103,2,5,12310,15561,4.67,0.00,-1485,-642,1.549,0.048,0.034,0.014,0.052,-0.008,0.999,1.476,0.052,-0.008,0.00,0.00,0.09,0.00,0.00,136.04,0.00,0.00,24.96,3,0,0,0.00
!17,0.0054,1.5274
!17,0.0046,1.5046
!17,0.0030,1.4835
!17,0.0026,1.4602
!17,0.0024,1.4344
!01,858103,2,5,12429,15539,3.11,-1.27,-1368,-211,1.434,0.001,0.007,0.048,0.050,-0.014,0.999,1.365,0.050,-0.014,0.00,0.00,0.06,0.18,0.00,96.84,269.08,0.00,24.97,3,0,0,0.00
!17,0.0022,1.4067
!17,0.0020,1.3773
!17,0.0020,1.3483
!17,0.0054,1.3226
!17,0.0069,1.2987
!01,859103,2,5,12558,15510,4.67,0.57,-1274,426,1.299,-0.026,-0.014,0.051,0.045,-0.018,0.999,1.222,0.045,-0.018,0.00,0.00,0.13,0.02,0.00,189.02,27.66,0.00,24.98,1,0,0,1.41
!17,0.0093,1.2725
!17,0.0117,1.2485
!17,0.0135,1.2331
!17,0.0146,1.2235
!17,0.0163,1.2137
!01,860103,2,5,12774,15647,6.93,5.52,-1402,819,1.214,-0.068,0.017,0.078,0.049,-0.018,0.999,1.128,0.049,-0.018,0.00,0.00,0.12,0.09,0.00,172.91,136.02,0.00,24.96,1,0,0,1.41
!17,0.0167,1.2114
!17,0.0165,1.2047
!17,0.0167,1.2010
!17,0.0174,1.1985
!17,0.0174,1.1977
!01,861103,2,5,13012,15866,6.79,6.51,-861,1131,1.198,0.006,-0.002,0.064,0.052,-0.014,0.999,1.099,0.052,-0.014,0.00,0.00,0.09,0.11,0.00,131.44,161.41,0.00,24.95,1,0,0,1.41
!17,0.0174,1.1971
!17,0.0176,1.1967
!17,0.0176,1.1962
!17,0.0176,1.1953
!17,0.0176,1.1944
!01,862103,2,5,13252,16100,6.79,6.65,-216,987,1.194,0.014,-0.005,0.031,0.051,-0.014,0.999,1.090,0.051,-0.014,0.00,0.00,0.08,0.12,0.00,124.51,184.46,0.00,24.94,1,0,0,1.41
!17,0.0176,1.1931
!17,0.0174,1.1912
!17,0.0176,1.1902
!17,0.0174,1.1903
!17,0.0072,1.1956
!01,863103,2,5,13448,16321,0.57,4.95,596,844,1.196,-0.045,0.077,0.047,0.055,-0.021,0.998,1.092,0.055,-0.021,0.00,0.00,0.00,0.06,0.00,0.00,96.86,0.00,24.94,3,0,0,0.00
!17,0.0063,1.2295
!17,0.0054,1.2530
!17,0.0048,1.2752
!17,0.0041,1.2963
!17,0.0033,1.3156
!01,864103,2,5,13442,16456,-0.71,3.25,257,1020,1.316,-0.004,0.013,0.053,0.049,-0.017,0.999,1.204,0.049,-0.017,0.00,0.00,0.36,0.08,0.00,538.20,117.58,0.00,24.96,3,0,0,0.00
!17,0.0024,1.3413
!17,0.0024,1.3692
!17,0.0019,1.3980
!17,0.0022,1.4263
!17,0.0056,1.4532
!01,865103,2,5,13400,16576,0.14,4.10,-483,842,1.453,0.006,-0.016,0.048,0.039,-0.013,0.999,1.332,0.039,-0.013,0.00,0.00,0.00,0.13,0.00,0.00,198.19,0.00,24.97,1,0,0,1.37
!17,0.0061,1.4792
!17,0.0093,1.5054
!17,0.0117,1.5281
!17,0.0130,1.5434
!17,0.0145,1.5543
!01,866103,2,5,13494,16776,4.67,6.37,-820,945,1.554,0.020,-0.000,0.055,0.036,-0.014,0.999,1.423,0.036,-0.014,0.00,0.00,0.08,0.15,0.00,126.74,225.82,0.00,24.96,1,0,0,1.37
!17,0.0158,1.5648
!17,0.0165,1.5736
!17,0.0170,1.5804
!17,0.0178,1.5837
!17,0.0178,1.5836
!01,867103,2,5,13706,17022,6.65,6.93,633,868,1.584,-0.001,-0.006,0.047,0.045,-0.018,0.999,1.458,0.045,-0.018,0.00,0.00,0.10,0.12,0.00,147.53,182.10,0.00,24.94,3,0,0,0.00
!17,0.0069,1.5840
!17,0.0046,1.5935
!17,0.0039,1.5953
!17,0.0033,1.6000
!17,0.0037,1.6040
!01,868103,2,5,13709,17140,0.00,2.83,697,732,1.604,-0.002,0.004,0.055,0.046,-0.015,0.999,1.489,0.046,-0.015,0.00,0.00,0.30,0.18,0.00,443.97,269.70,0.00,24.95,3,0,0,0.00
!17,0.0030,1.6080
!17,0.0020,1.6179
!17,0.0020,1.6299
!17,0.0024,1.6439
!17,0.0024,1.6628
!01,869103,2,5,13666,17247,-1.56,3.40,606,1032,1.663,-0.009,0.039,0.063,0.041,-0.015,0.999,1.548,0.041,-0.015,0.00,0.00,0.32,0.15,0.00,478.57,218.95,0.00,24.95,3,0,0,0.00
!17,0.0035,1.6936
!17,0.0033,1.7294
!17,0.0032,1.7672
!17,0.0022,1.7996
!17,0.0017,1.8316
!01,870103,2,5,13604,17384,-1.98,3.25,99,850,1.832,-0.001,-0.002,0.050,0.045,-0.014,0.999,1.713,0.045,-0.014,0.00,0.00,0.32,0.04,0.00,476.19,64.54,0.00,24.96,3,0,0,0.00
!17,0.0011,1.8645
!17,0.0013,1.9005
!17,0.0052,1.9320
!17,0.0065,1.9567
!17,0.0091,1.9856
!01,871103,2,5,13584,17529,1.70,5.24,-826,895,1.986,0.019,-0.002,0.045,0.045,-0.010,0.999,1.852,0.045,-0.010,0.00,0.00,0.07,0.09,0.00,106.04,131.39,0.00,24.96,1,0,0,1.83
!17,0.0117,2.0050
!17,0.0135,2.0201
!17,0.0148,2.0303
!17,0.0158,2.0381
!17,0.0163,2.0442
!01,872103,2,5,13748,17754,5.80,6.65,-826,919,2.044,-0.025,-0.001,0.064,0.061,-0.009,0.998,1.915,0.061,-0.009,0.00,0.00,0.10,0.12,0.00,154.58,173.03,0.00,24.95,1,0,0,1.83
!17,0.0167,2.0485
!17,0.0172,2.0524
!17,0.0178,2.0554
!17,0.0174,2.0577
!17,0.0180,2.0597
!01,873103,2,5,13975,17997,6.79,6.93,-1211,849,2.060,-0.011,0.007,0.046,0.064,-0.008,0.998,1.946,0.064,-0.008,0.00,0.00,0.11,0.13,0.00,166.14,193.83,0.00,24.94,1,0,0,1.83
!17,0.0182,2.0616
!17,0.0183,2.0632
!17,0.0180,2.0640
!17,0.0185,2.0667
!17,0.0183,2.0693
!01,874103,2,5,14218,18247,6.93,7.08,-1394,254,2.069,-0.013,-0.006,0.059,0.064,-0.012,0.998,1.966,0.064,-0.012,0.00,0.00,0.08,0.16,0.00,119.99,242.29,0.00,24.94,1,0,0,1.83
!17,0.0182,2.0665
!17,0.0180,2.0671
!17,0.0182,2.0681
!17,0.0183,2.0689
!17,0.0183,2.0692
!01,875103,2,5,14460,18496,6.93,7.08,-1429,793,2.069,0.003,-0.000,0.051,0.058,-0.012,0.998,1.974,0.058,-0.012,0.00,0.00,0.10,0.09,0.00,156.85,136.09,0.00,24.93,1,0,0,1.83
!17,0.0183,2.0695
!17,0.0180,2.0699
!17,0.0183,2.0704
!17,0.0182,2.0709
!17,0.0180,2.0709
!01,876103,2,5,14703,18743,6.79,6.93,-1273,864,2.071,0.007,0.009,0.046,0.055,-0.011,0.998,1.981,0.055,-0.011,0.00,0.00,0.09,0.14,0.00,131.46,205.26,0.00,24.93,1,0,0,1.83
!17,0.0178,2.0722
!17,0.0180,2.0742
!17,0.0182,2.0764
!17,0.0180,2.0757
!17,0.0182,2.0763
!01,877103,2,5,14942,18990,6.93,6.93,-1366,494,2.076,-0.010,-0.015,0.052,0.055,-0.008,0.998,1.987,0.055,-0.008,0.00,0.00,0.10,0.13,0.00,149.90,196.03,0.00,24.93,1,0,0,1.83
!17,0.0182,2.0776
!17,0.0180,2.0793
!17,0.0183,2.0807
!17,0.0182,2.0821
!17,0.0178,2.0824
!01,878103,2,5,15182,19238,6.79,6.79,-473,552,2.082,-0.001,-0.002,0.048,0.058,-0.007,0.998,1.986,0.058,-0.007,0.00,0.00,0.09,0.08,0.00,129.17,122.25,0.00,24.93,1,0,0,1.83
!17,0.0183,2.0843
!17,0.0182,2.0909
!17,0.0187,2.0941
!17,0.0085,2.1033
!17,0.0063,2.1343
!01,879103,2,5,15333,19465,0.00,4.81,743,655,2.134,0.032,-0.001,0.044,0.059,-0.009,0.998,2.034,0.059,-0.009,0.00,0.00,0.00,0.07,0.00,0.00,110.72,0.00,24.94,3,0,0,0.00
!17,0.0052,2.1560
!17,0.0048,2.1785
!17,0.0043,2.1985
!17,0.0041,2.2167
!17,0.0028,2.2377
!01,880103,2,5,15326,19586,-0.99,3.11,729,642,2.238,0.012,0.026,0.031,0.058,-0.006,0.998,2.131,0.058,-0.006,0.00,0.00,0.38,0.06,0.00,574.73,85.34,0.00,24.95,3,0,0,0.00
!17,0.0019,2.2647
!17,0.0020,2.2930
!17,0.0020,2.3214
!17,0.0022,2.3500
!17,0.0020,2.3798
!01,881103,2,5,15269,19698,-1.70,3.25,605,604,2.380,-0.018,0.013,0.060,0.052,-0.003,0.999,2.268,0.052,-0.003,0.00,0.00,0.25,0.05,0.00,370.25,69.17,0.00,24.96,3,0,0,0.00
!17,0.0022,2.4105
!17,0.0022,2.4404
!17,0.0020,2.4703
!17,0.0024,2.5001
!17,0.0020,2.5296
!01,882103,2,5,15210,19816,-1.70,3.25,522,643,2.530,-0.005,0.007,0.050,0.047,-0.003,0.999,2.416,0.047,-0.003,0.00,0.00,0.27,0.05,0.00,409.44,69.16,0.00,24.97,3,0,0,0.00
!17,0.0019,2.5599
!17,0.0024,2.5900
!17,0.0022,2.6201
!17,0.0024,2.6507
!17,0.0019,2.6798
!01,883103,2,5,15150,19934,-1.70,3.11,150,684,2.680,0.002,0.003,0.052,0.044,-0.004,0.999,2.567,0.044,-0.004,0.00,0.00,0.18,0.03,0.00,273.76,46.10,0.00,24.97,3,0,0,0.00
!17,0.0019,2.7081
!17,0.0017,2.7360
!17,0.0052,2.7600
!17,0.0057,2.7854
!17,0.0093,2.8108
!01,884103,2,5,15141,20071,1.84,5.24,-285,616,2.811,-0.006,0.008,0.067,0.040,-0.004,0.999,2.696,0.040,-0.004,0.00,0.00,0.04,0.16,0.00,64.53,246.59,0.00,24.97,1,0,0,2.68
!17,0.0117,2.8309
!17,0.0135,2.8470
!17,0.0148,2.8598
!17,0.0156,2.8701
!17,0.0161,2.8779
!01,885103,2,5,15302,20297,5.66,6.65,676,742,2.878,-0.008,0.019,0.066,0.046,-0.012,0.999,2.766,0.047,-0.012,0.00,0.00,0.11,0.10,0.00,159.06,149.84,0.00,24.96,3,0,0,0.00
!17,0.0083,2.8969
!17,0.0061,2.9273
!17,0.0050,2.9486
!17,0.0043,2.9707
!17,0.0044,2.9905
!01,886103,2,5,15305,20446,0.00,3.40,749,650,2.990,0.005,0.007,0.053,0.045,-0.015,0.999,2.896,0.045,-0.015,0.00,0.00,0.27,0.06,0.00,402.57,96.81,0.00,24.97,3,0,0,0.00
!17,0.0039,3.0115
!17,0.0024,3.0393
!17,0.0024,3.0693
!17,0.0024,3.0996
!17,0.0020,3.1288
!01,887103,2,5,15257,20565,-1.56,3.11,796,633,3.129,0.004,0.010,0.043,0.038,-0.015,0.999,3.018,0.038,-0.015,0.00,0.00,0.17,0.05,0.00,253.12,78.35,0.00,24.98,3,0,0,0.00
!17,0.0020,-3.1266
!17,0.0022,-3.0996
!17,0.0017,-3.0723
!17,0.0019,-3.0440
!17,0.0019,-3.0155
!01,888103,2,5,15200,20674,-1.70,3.11,857,717,-3.015,-0.001,-0.002,0.053,0.031,-0.014,0.999,-3.103,0.031,-0.014,0.00,0.00,0.16,0.05,0.00,237.07,80.63,0.00,24.98,3,0,0,0.00
!17,0.0017,-2.9872
!17,0.0019,-2.9591
!17,0.0019,-2.9312
!17,0.0017,-2.9030
!17,0.0019,-2.8746
!01,889103,2,5,15140,20782,-1.70,3.11,813,818,-2.875,-0.004,-0.001,0.051,0.027,-0.014,1.000,-2.959,0.027,-0.014,0.00,0.00,0.16,0.05,0.00,237.10,80.63,0.00,24.98,3,0,0,0.00
!17,0.0019,-2.8463
!17,0.0020,-2.8185
!17,0.0019,-2.7901
!17,0.0017,-2.7625
!17,0.0017,-2.7340
!01,890103,2,5,15081,20890,-1.70,2.97,655,780,-2.734,-0.012,0.000,0.054,0.024,-0.014,1.000,-2.812,0.024,-0.014,0.00,0.00,0.24,0.05,0.00,361.43,71.40,0.00,24.98,3,0,0,0.00
!17,0.0017,-2.7057
!17,0.0017,-2.6778
!17,0.0019,-2.6495
!17,0.0019,-2.6211
!17,0.0015,-2.5970
!01,891103,2,5,15021,20996,-1.56,2.69,547,944,-2.597,0.022,0.012,0.041,0.020,-0.013,1.000,-2.674,0.020,-0.013,0.00,0.00,0.28,0.04,0.00,425.92,62.19,0.00,24.98,3,0,0,0.00
!17,0.0017,-2.5704
!17,0.0017,-2.5434
!17,0.0015,-2.5202
!17,0.0013,-2.4973
!17,0.0013,-2.4716
!01,892103,2,5,14965,21092,-1.70,2.69,239,775,-2.472,0.009,-0.001,0.042,0.009,-0.013,1.000,-2.546,0.009,-0.013,0.00,0.00,0.27,0.05,0.00,412.18,75.99,0.00,24.97,3,0,0,0.00
!17,0.0015,-2.4436
!17,0.0015,-2.4145
!17,0.0017,-2.3858
!17,0.0015,-2.3571
!17,0.0019,-2.3288
!01,893103,2,5,14901,21199,-1.70,3.11,-194,814,-2.329,-0.016,-0.007,0.056,0.009,-0.012,1.000,-2.396,0.009,-0.012,0.00,0.00,0.23,0.05,0.00,350.03,73.69,0.00,24.97,1,0,0,-2.39
!17,0.0052,-2.3043
!17,0.0059,-2.2780
!17,0.0095,-2.2549
!17,0.0115,-2.2367
!17,0.0130,-2.2212
!01,894103,2,5,14966,21377,4.10,5.80,506,1046,-2.221,0.025,-0.010,0.028,0.009,-0.011,1.000,-2.276,0.009,-0.011,0.00,0.00,0.08,0.13,0.00,122.05,188.83,0.00,24.96,3,0,0,0.00
!17,0.0143,-2.2123
!17,0.0078,-2.1930
!17,0.0061,-2.1637
!17,0.0048,-2.1411
!17,0.0044,-2.1207
!01,895103,2,5,15002,21543,0.00,3.40,521,939,-2.121,0.005,0.004,0.048,0.017,-0.008,1.000,-2.176,0.017,-0.008,0.00,0.00,0.01,0.05,0.00,20.72,71.40,0.00,24.97,3,0,0,0.00
!17,0.0041,-2.1007
!17,0.0043,-2.0818
!17,0.0032,-2.0593
!17,0.0026,-2.0309
!17,0.0020,-2.0018
!01,896103,2,5,14973,21659,-1.70,3.25,-267,1091,-2.002,0.015,0.006,0.060,0.018,-0.006,1.000,-2.055,0.018,-0.006,0.00,0.00,0.27,0.08,0.00,398.44,112.85,0.00,24.97,1,0,0,-2.06
!17,0.0056,-1.9762
!17,0.0065,-1.9482
!17,0.0096,-1.9226
!17,0.0120,-1.9021
!17,0.0133,-1.8850
!01,897103,2,5,15038,21848,3.96,6.23,-1466,-258,-1.885,-0.021,0.013,0.049,0.021,-0.001,1.000,-1.921,0.021,-0.001,0.00,0.00,0.08,0.18,0.00,124.38,276.39,0.00,24.96,3,0,0,0.00
!17,0.0148,-1.8731
!17,0.0065,-1.8781
!17,0.0048,-1.9085
!17,0.0044,-1.9270
!17,0.0037,-1.9475
!01,898103,2,5,15176,21895,3.25,-0.42,-1613,-1079,-1.947,-0.005,0.013,0.048,0.030,-0.005,1.000,-1.985,0.030,-0.005,0.00,0.00,0.06,0.12,0.00,87.54,184.14,0.00,24.96,3,0,0,0.00
!17,0.0030,-1.9658
!17,0.0024,-1.9916
!17,0.0022,-2.0172
!17,0.0024,-2.0440
!17,0.0019,-2.0719
!01,899103,2,5,15288,21847,3.11,-1.70,-1394,-860,-2.072,-0.014,0.005,0.056,0.028,-0.010,1.000,-2.116,0.028,-0.010,0.00,0.00,0.06,0.19,0.00,96.75,278.52,0.00,24.96,3,0,0,0.00
!17,0.0020,-2.1000
!17,0.0020,-2.1267
!17,0.0022,-2.1530
!17,0.0020,-2.1812
!17,0.0015,-2.2100
!01,900103,2,5,15398,21790,3.11,-1.98,-1525,-655,-2.210,0.000,-0.008,0.063,0.024,-0.016,1.000,-2.257,0.024,-0.016,0.00,0.00,0.07,0.23,0.00,99.05,345.31,0.00,24.96,3,0,0,0.00
!17,0.0017,-2.2399
!17,0.0015,-2.2706
!17,0.0015,-2.3017
!17,0.0017,-2.3332
!17,0.0056,-2.3599
!01,901103,2,5,15518,21734,4.10,0.14,-1409,162,-2.360,0.004,-0.029,0.024,0.023,-0.025,0.999,-2.412,0.023,-0.025,0.00,0.00,0.08,0.00,0.00,124.38,0.00,0.00,24.96,1,0,0,-2.27
!17,0.0070,-2.3893
!17,0.0096,-2.4208
!17,0.0120,-2.4376
!17,0.0137,-2.4491
!17,0.0152,-2.4577
!01,902103,2,5,15724,21839,6.51,5.09,-1573,614,-2.458,-0.034,-0.008,0.068,0.028,-0.025,0.999,-2.512,0.028,-0.025,0.00,0.00,0.17,0.09,0.00,253.40,133.61,0.00,24.95,1,0,0,-2.27
!17,0.0158,-2.4645
!17,0.0161,-2.4696
!17,0.0167,-2.4727
!17,0.0170,-2.4743
!17,0.0176,-2.4743
!01,903103,2,5,15957,22055,6.65,6.79,-1049,958,-2.474,-0.001,0.000,0.047,0.030,-0.022,0.999,-2.531,0.030,-0.022,0.00,0.00,0.13,0.13,0.00,191.21,188.91,0.00,24.94,1,0,0,-2.27
!17,0.0174,-2.4745
!17,0.0174,-2.4750
!17,0.0174,-2.4751
!17,0.0083,-2.4585
!17,0.0059,-2.4303
!01,904103,2,5,16102,22269,0.00,4.53,962,946,-2.430,0.015,0.042,0.049,0.034,-0.018,0.999,-2.488,0.034,-0.018,0.00,0.00,0.00,0.06,0.00,0.00,89.86,0.00,24.94,3,0,0,0.00
!17,0.0052,-2.4065
!17,0.0044,-2.3853
!17,0.0043,-2.3642
!17,0.0044,-2.3439
!17,0.0033,-2.3186
!01,905103,2,5,16094,22394,-0.99,3.54,1145,1134,-2.319,0.021,-0.006,0.040,0.030,-0.014,0.999,-2.375,0.030,-0.014,0.00,0.00,0.47,0.07,0.00,697.43,103.67,0.00,24.96,3,0,0,0.00
!17,0.0020,-2.2907
!17,0.0020,-2.2631
!17,0.0022,-2.2348
!17,0.0022,-2.2061
!17,0.0020,-2.1777
!01,906103,2,5,16039,22506,-1.56,3.11,631,1090,-2.178,-0.007,0.006,0.049,0.026,-0.009,1.000,-2.225,0.026,-0.009,0.00,0.00,0.19,0.05,0.00,278.54,78.32,0.00,24.96,3,0,0,0.00
!17,0.0020,-2.1501
!17,0.0020,-2.1222
!17,0.0020,-2.0937
!17,0.0022,-2.0650
!17,0.0022,-2.0368
!01,907103,2,5,15984,22618,-1.56,3.25,-294,1069,-2.037,0.004,-0.002,0.051,0.028,-0.004,1.000,-2.082,0.028,-0.004,0.00,0.00,0.22,0.06,0.00,336.07,85.24,0.00,24.96,1,0,0,-2.07
!17,0.0022,-2.0082
!17,0.0054,-1.9829
!17,0.0065,-1.9565
!17,0.0093,-1.9340
!17,0.0120,-1.9122
!01,908103,2,5,16010,22783,3.25,5.94,-1058,761,-1.912,0.019,0.017,0.034,0.036,0.002,0.999,-1.937,0.036,0.002,0.00,0.00,0.05,0.15,0.00,76.04,221.21,0.00,24.96,1,0,0,-2.07
!17,0.0139,-1.8969
!17,0.0145,-1.8865
!17,0.0161,-1.8767
!17,0.0165,-1.8711
!17,0.0170,-1.8664
!01,909103,2,5,16194,23020,6.08,6.93,-1527,-163,-1.866,-0.001,-0.004,0.049,0.050,-0.001,0.999,-1.889,0.050,-0.001,0.00,0.00,0.11,0.16,0.00,159.09,232.87,0.00,24.95,3,0,0,0.00
!17,0.0080,-1.8797
!17,0.0059,-1.9064
!17,0.0050,-1.9305
!17,0.0046,-1.9514
!17,0.0033,-1.9715
!01,910103,2,5,16337,23022,2.97,-0.42,-1412,220,-1.971,0.010,0.013,0.039,0.056,-0.007,0.998,-2.007,0.056,-0.007,0.00,0.00,0.06,0.37,0.00,92.26,551.23,0.00,24.96,1,0,0,-1.93
!17,0.0048,-1.9926
!17,0.0067,-2.0164
!17,0.0096,-2.0368
!17,0.0119,-2.0532
!17,0.0137,-2.0697
!01,911103,2,5,16517,23094,6.23,4.25,-1290,487,-2.070,-0.008,-0.007,0.055,0.052,-0.009,0.999,-2.100,0.052,-0.009,0.00,0.00,0.09,0.08,0.00,140.66,117.60,0.00,24.95,1,0,0,-1.93
!17,0.0150,-2.0853
!17,0.0156,-2.0937
!17,0.0163,-2.0988
!17,0.0167,-2.1017
!17,0.0170,-2.1032
!01,912103,2,5,16747,23299,6.51,6.51,-1426,513,-2.103,-0.018,0.010,0.049,0.054,-0.007,0.999,-2.135,0.054,-0.007,0.00,0.00,0.09,0.13,0.00,129.14,196.01,0.00,24.94,1,0,0,-2.10
!17,0.0082,-2.1202
!17,0.0069,-2.1513
!17,0.0100,-2.1754
!17,0.0124,-2.1955
!17,0.0143,-2.2101
!01,913103,2,5,16956,23369,6.65,4.25,-1057,867,-2.210,-0.013,-0.017,0.065,0.051,-0.008,0.999,-2.244,0.051,-0.008,0.00,0.00,0.14,0.07,0.00,205.21,108.37,0.00,24.95,1,0,0,-2.10
!17,0.0154,-2.2215
!17,0.0159,-2.2356
!17,0.0161,-2.2430
!17,0.0161,-2.2480
!17,0.0169,-2.2505
!01,914103,2,5,17190,23569,6.65,6.23,-728,980,-2.251,-0.002,0.002,0.053,0.051,-0.002,0.999,-2.290,0.051,-0.002,0.00,0.00,0.15,0.11,0.00,223.66,170.63,0.00,24.94,1,0,0,-2.10
!17,0.0170,-2.2520
!17,0.0176,-2.2530
!17,0.0174,-2.2535
!17,0.0176,-2.2537
!17,0.0174,-2.2540
charger conn=0 chgEnabled=0 chgTime=15 charger: 0.00 V  0.00 A  bat: 24.93 V  switchOffAllowed=0
!01,915103,2,5,17427,23802,6.65,6.65,586,1103,-2.254,0.006,0.006,0.038,0.052,0.001,0.999,-2.295,0.052,0.001,0.00,0.00,0.15,0.13,0.00,228.28,200.61,0.00,24.93,3,0,0,0.00
!17,0.0082,-2.2349
!17,0.0057,-2.2087
!17,0.0054,-2.1845
!17,0.0046,-2.1621
!17,0.0044,-2.1414
!01,916103,2,5,17431,23951,0.00,3.40,765,974,-2.141,-0.003,-0.000,0.053,0.054,0.006,0.999,-2.186,0.054,0.006,0.00,0.00,0.34,0.06,0.00,510.46,96.86,0.00,24.95,3,0,0,0.00
!17,0.0043,-2.1216
!17,0.0032,-2.0984
!17,0.0024,-2.0715
!17,0.0019,-2.0428
!17,0.0020,-2.0129
!01,917103,2,5,17392,24064,-1.70,3.25,405,867,-2.013,0.005,0.004,0.054,0.050,0.008,0.999,-2.054,0.050,0.008,0.00,0.00,0.28,0.08,0.00,425.47,112.98,0.00,24.95,3,0,0,0.00
!17,0.0020,-1.9825
!17,0.0022,-1.9519
!17,0.0022,-1.9209
!17,0.0024,-1.8894
!17,0.0020,-1.8592
!01,918103,2,5,17331,24184,-1.70,3.25,-380,988,-1.859,-0.005,-0.000,0.056,0.048,0.010,0.999,-1.885,0.048,0.010,0.00,0.00,0.21,0.05,0.00,322.75,76.08,0.00,24.96,1,0,0,-1.92
!17,0.0054,-1.8342
!17,0.0063,-1.8064
!17,0.0093,-1.7850
!17,0.0115,-1.7656
!17,0.0132,-1.7490
!01,919103,2,5,17395,24366,3.96,6.08,-309,928,-1.749,-0.010,0.007,0.047,0.050,0.010,0.999,-1.750,0.050,0.010,0.00,0.00,0.07,0.13,0.00,99.14,189.06,0.00,24.96,1,0,0,-1.77
!17,0.0080,-1.7244
!17,0.0072,-1.6921
!17,0.0063,-1.6624
!17,0.0054,-1.6373
!17,0.0048,-1.6150
!01,920103,2,5,17398,24534,0.00,3.68,321,1101,-1.615,-0.005,0.010,0.051,0.052,0.007,0.999,-1.619,0.053,0.007,0.00,0.00,0.00,0.04,0.00,0.00,53.04,0.00,24.97,3,0,0,0.00
!17,0.0044,-1.5950
!17,0.0041,-1.5748
!17,0.0043,-1.5554
!17,0.0041,-1.5364
!17,0.0030,-1.5132
!01,921103,2,5,17390,24649,-0.99,3.25,365,1165,-1.513,0.006,-0.000,0.043,0.049,0.003,0.999,-1.515,0.049,0.003,0.00,0.00,0.48,0.07,0.00,724.48,99.14,0.00,24.97,3,0,0,0.00
!17,0.0017,-1.4850
!17,0.0019,-1.4560
!17,0.0020,-1.4269
!17,0.0020,-1.3974
!17,0.0057,-1.3712
!01,922103,2,5,17343,24768,0.14,4.25,-425,1001,-1.371,0.011,-0.003,0.038,0.044,0.003,0.999,-1.362,0.044,0.003,0.00,0.00,0.00,0.11,0.00,0.00,165.96,0.00,24.96,1,0,0,-1.46
!17,0.0067,-1.3420
!17,0.0096,-1.3186
!17,0.0119,-1.2969
!17,0.0132,-1.2834
!17,0.0146,-1.2725
!01,923103,2,5,17440,24973,4.67,6.51,-529,1221,-1.273,-0.002,0.005,0.046,0.042,-0.004,0.999,-1.245,0.042,-0.004,0.00,0.00,0.08,0.10,0.00,115.24,147.51,0.00,24.96,1,0,0,-1.46
!17,0.0154,-1.2643
!17,0.0159,-1.2593
!17,0.0165,-1.2557
!17,0.0169,-1.2481
!17,0.0172,-1.2450
!01,924105,2,5,17650,25205,6.51,6.65,-987,711,-1.248,0.044,0.015,0.012,0.054,-0.010,0.998,-1.215,0.054,-0.010,0.00,0.00,0.16,0.08,0.00,235.23,113.00,0.00,24.95,1,0,0,-1.46
!17,0.0174,-1.2431
!17,0.0169,-1.2500
!17,0.0172,-1.2508
!17,0.0087,-1.2710
!17,0.0061,-1.2990
!01,925105,2,5,17864,25349,4.67,0.00,-1578,-1224,-1.271,0.014,0.008,0.033,0.069,-0.011,0.998,-1.267,0.069,-0.011,0.00,0.00,0.07,0.00,0.00,110.79,0.00,0.00,24.94,3,0,0,0.00
!17,0.0056,-1.3241
!17,0.0048,-1.3461
!17,0.0037,-1.3685
!17,0.0030,-1.3930
!17,0.0028,-1.4192
!01,926105,2,5,17989,25331,3.25,-1.13,-1521,-1168,-1.393,0.006,-0.004,0.044,0.064,-0.016,0.998,-1.403,0.064,-0.016,0.00,0.00,0.06,0.34,0.00,87.69,503.23,0.00,24.96,3,0,0,0.00
!17,0.0026,-1.4477
!17,0.0020,-1.4776
!17,0.0022,-1.5083
!17,0.0022,-1.5389
!17,0.0024,-1.5703
!01,927106,2,5,18110,25272,3.54,-1.70,-1440,-1344,-1.570,-0.002,-0.000,0.055,0.056,-0.019,0.998,-1.563,0.056,-0.019,0.00,0.00,0.05,0.25,0.00,76.11,379.36,0.00,24.96,3,0,0,0.00
!17,0.0019,-1.6008
!17,0.0022,-1.6313
!17,0.0020,-1.6615
!17,0.0022,-1.6922
!17,0.0020,-1.7217
!01,928108,2,5,18227,25211,3.25,-1.70,-1451,-1157,-1.722,-0.007,0.001,0.055,0.049,-0.015,0.999,-1.721,0.049,-0.015,0.00,0.00,0.04,0.20,0.00,64.55,294.40,0.00,24.96,3,0,0,0.00
!17,0.0022,-1.7519
!17,0.0019,-1.7835
!17,0.0020,-1.8131
!17,0.0019,-1.8439
!17,0.0017,-1.8741
!01,929110,2,5,18343,25147,3.11,-1.84,-1607,-1269,-1.874,0.005,0.002,0.046,0.044,-0.012,0.999,-1.879,0.044,-0.012,0.00,0.00,0.05,0.28,0.00,71.45,416.39,0.00,24.96,3,0,0,0.00
!17,0.0017,-1.9045
!17,0.0017,-1.9352
!17,0.0015,-1.9658
!17,0.0019,-1.9963
!17,0.0015,-2.0268
!01,930112,2,5,18456,25078,3.11,-1.98,-1640,-1120,-2.027,-0.004,-0.005,0.050,0.042,-0.011,0.999,-2.039,0.042,-0.011,0.00,0.00,0.06,0.19,0.00,87.58,292.18,0.00,24.97,3,0,0,0.00
!17,0.0019,-2.0567
!17,0.0017,-2.0867
!17,0.0019,-2.1168
!17,0.0017,-2.1462
!17,0.0017,-2.1760
!01,931114,2,5,18568,25013,3.11,-1.84,-1525,-457,-2.176,-0.003,0.009,0.050,0.042,-0.010,0.999,-2.192,0.042,-0.010,0.00,0.00,0.07,0.29,0.00,108.32,432.53,0.00,24.97,3,0,0,0.00
!17,0.0019,-2.2058
!17,0.0015,-2.2357
!17,0.0017,-2.2662
!17,0.0015,-2.2934
!17,0.0052,-2.3175
!01,932115,2,5,18683,24961,3.82,0.14,-1617,567,-2.318,0.035,-0.014,0.019,0.037,-0.010,0.999,-2.339,0.037,-0.010,0.00,0.00,0.13,0.00,0.00,191.26,0.00,0.00,24.96,1,0,0,-2.24
!17,0.0069,-2.3430
!17,0.0091,-2.3618
!17,0.0115,-2.3744
!17,0.0133,-2.3869
!17,0.0150,-2.4044
!01,933116,2,5,18878,25067,6.51,4.95,-1424,646,-2.404,-0.006,0.053,0.073,0.036,-0.010,0.999,-2.427,0.036,-0.010,0.00,0.00,0.14,0.10,0.00,216.60,142.86,0.00,24.95,1,0,0,-2.24
!17,0.0159,-2.4116
!17,0.0161,-2.4163
!17,0.0165,-2.4190
!17,0.0172,-2.4202
!17,0.0172,-2.4214
!01,934118,2,5,19111,25282,6.65,6.51,-1432,-251,-2.421,0.011,0.001,0.046,0.037,-0.007,0.999,-2.458,0.037,-0.007,0.00,0.00,0.14,0.11,0.00,211.99,159.00,0.00,24.94,3,0,0,0.00
!17,0.0172,-2.4234
!17,0.0083,-2.4418
!17,0.0059,-2.4703
!17,0.0050,-2.4914
!17,0.0043,-2.5112
!01,935120,2,5,19282,25331,3.40,-0.14,-1379,-90,-2.511,-0.014,0.009,0.049,0.037,-0.006,0.999,-2.556,0.037,-0.006,0.00,0.00,0.04,0.16,0.00,57.61,241.62,0.00,24.95,3,0,0,0.00
!17,0.0037,-2.5335
!17,0.0032,-2.5575
!17,0.0030,-2.5826
!17,0.0056,-2.6080
!17,0.0070,-2.6365
!01,936121,2,5,19418,25316,5.09,0.28,-1397,577,-2.637,0.002,-0.024,0.047,0.034,-0.007,0.999,-2.679,0.034,-0.007,0.00,0.00,0.13,0.02,0.00,188.93,36.87,0.00,24.95,1,0,0,-2.53
!17,0.0106,-2.6621
!17,0.0124,-2.6814
!17,0.0137,-2.6965
!17,0.0154,-2.7066
!17,0.0159,-2.7131
!01,937123,2,5,19641,25460,6.65,5.52,-1475,256,-2.713,-0.006,-0.002,0.054,0.047,-0.007,0.999,-2.764,0.047,-0.007,0.00,0.00,0.12,0.14,0.00,172.90,205.17,0.00,24.95,1,0,0,-2.53
!17,0.0167,-2.7176
!17,0.0165,-2.7205
!17,0.0083,-2.7396
!17,0.0059,-2.7659
!17,0.0052,-2.7893
!01,938125,2,5,19836,25549,3.96,0.00,-1646,-630,-2.789,0.018,0.007,0.045,0.049,-0.008,0.999,-2.845,0.049,-0.008,0.00,0.00,0.06,0.00,0.00,83.00,0.00,0.00,24.95,3,0,0,0.00
!17,0.0046,-2.8098
!17,0.0033,-2.8315
!17,0.0032,-2.8547
!17,0.0026,-2.8788
!17,0.0026,-2.9047
!01,939126,2,5,19950,25523,3.25,-1.27,-1566,-172,-2.905,-0.003,0.008,0.058,0.045,-0.010,0.999,-2.959,0.045,-0.010,0.00,0.00,0.06,0.26,0.00,82.98,384.17,0.00,24.96,3,0,0,0.00
!17,0.0024,-2.9317
!17,0.0019,-2.9599
!17,0.0054,-2.9847
!17,0.0067,-3.0094
!17,0.0098,-3.0292
!01,940127,2,5,20095,25519,5.38,2.12,-1398,520,-3.029,-0.025,0.022,0.068,0.042,-0.012,0.999,-3.088,0.042,-0.012,0.00,0.00,0.09,0.12,0.00,140.59,175.17,0.00,24.96,1,0,0,-2.90
!17,0.0124,-3.0436
!17,0.0137,-3.0636
!17,0.0143,-3.0725
!17,0.0159,-3.0820
!17,0.0167,-3.0868
!01,941129,2,5,20320,25688,6.79,5.94,-1397,858,-3.087,-0.004,-0.018,0.039,0.052,-0.007,0.999,3.133,0.052,-0.007,0.00,0.00,0.12,0.11,0.00,177.55,166.02,0.00,24.94,1,0,0,-2.90
!17,0.0174,-3.0894
!17,0.0174,-3.0913
!17,0.0172,-3.0926
!17,0.0178,-3.0935
!17,0.0178,-3.0939
!01,942131,2,5,20560,25921,6.79,6.79,-803,913,-3.094,0.006,-0.008,0.054,0.053,-0.004,0.999,3.122,0.053,-0.004,0.00,0.00,0.10,0.16,0.00,154.50,242.12,0.00,24.93,1,0,0,-2.90
!17,0.0180,-3.0947
!17,0.0176,-3.0947
!17,0.0180,-3.0943
!17,0.0178,-3.0941
!17,0.0180,-3.0928
!01,943132,2,5,20802,26161,6.79,6.93,464,793,-3.093,-0.018,-0.004,0.057,0.056,-0.000,0.998,3.119,0.056,-0.000,0.00,0.00,0.07,0.10,0.00,108.40,149.91,0.00,24.92,3,0,0,0.00
!17,0.0187,-3.0900
!17,0.0089,-3.0603
!17,0.0069,-3.0344
!17,0.0057,-3.0075
!17,0.0048,-2.9850
!01,944133,2,5,20856,26350,0.00,3.68,324,712,-2.985,0.017,0.007,0.045,0.048,-0.006,0.999,-3.057,0.048,-0.006,0.00,0.00,0.09,0.04,0.00,138.01,66.86,0.00,24.94,3,0,0,0.00
!17,0.0041,-2.9651
!17,0.0033,-2.9429
!17,0.0026,-2.9179
!17,0.0022,-2.8923
!17,0.0017,-2.8655
!01,945134,2,5,20822,26459,-1.56,2.83,-149,775,-2.865,0.009,0.008,0.056,0.045,-0.001,0.999,-2.934,0.045,-0.001,0.00,0.00,0.22,0.06,0.00,325.01,94.51,0.00,24.95,1,0,0,-2.92
!17,0.0054,-2.8412
!17,0.0067,-2.8133
!17,0.0096,-2.7894
!17,0.0122,-2.7670
!17,0.0133,-2.7515
!01,946135,2,5,20888,26648,3.96,6.23,-981,532,-2.752,-0.020,0.004,0.060,0.043,-0.001,0.999,-2.810,0.043,-0.001,0.00,0.00,0.10,0.08,0.00,152.12,126.77,0.00,24.95,1,0,0,-2.92
!17,0.0152,-2.7397
!17,0.0158,-2.7317
!17,0.0161,-2.7271
!17,0.0167,-2.7232
!17,0.0080,-2.7388
!01,947137,2,5,21082,26841,5.38,0.71,-736,682,-2.739,0.102,0.024,0.002,0.049,-0.003,0.999,-2.780,0.049,-0.003,0.00,0.00,0.09,0.00,0.00,136.03,0.00,0.00,24.94,1,0,0,-2.73
!17,0.0072,-2.7713
!17,0.0100,-2.7976
!17,0.0126,-2.8154
!17,0.0143,-2.8297
!17,0.0063,-2.8173
!01,948138,2,5,21259,26936,0.57,4.25,627,579,-2.817,-0.003,-0.036,0.067,0.050,-0.012,0.999,-2.872,0.050,-0.012,0.00,0.00,0.00,0.03,0.00,0.00,50.72,0.00,24.94,3,0,0,0.00
!17,0.0046,-2.8024
!17,0.0041,-2.7859
!17,0.0039,-2.7684
!17,0.0039,-2.7512
!17,0.0033,-2.7319
!01,949139,2,5,21256,27046,-0.42,2.97,652,600,-2.732,-0.019,-0.018,0.055,0.047,-0.009,0.999,-2.786,0.047,-0.009,0.00,0.00,0.36,0.06,0.00,535.96,96.82,0.00,24.95,3,0,0,0.00
!17,0.0020,-2.7067
!17,0.0017,-2.6795
!17,0.0017,-2.6519
!17,0.0017,-2.6236
!17,0.0017,-2.5951
!01,950140,2,5,21197,27152,-1.84,3.11,586,680,-2.595,-0.007,-0.009,0.055,0.039,-0.007,0.999,-2.650,0.039,-0.007,0.00,0.00,0.24,0.04,0.00,356.65,59.92,0.00,24.96,3,0,0,0.00
!17,0.0019,-2.5666
!17,0.0017,-2.5339
!17,0.0019,-2.5082
!17,0.0017,-2.4796
!17,0.0017,-2.4510
!01,951141,2,5,21135,27261,-1.70,2.97,345,678,-2.451,0.007,0.008,0.034,0.038,-0.006,0.999,-2.500,0.038,-0.006,0.00,0.00,0.22,0.04,0.00,326.75,64.52,0.00,24.97,3,0,0,0.00
!17,0.0019,-2.4227
!17,0.0019,-2.3945
!17,0.0017,-2.3655
!17,0.0017,-2.3364
!17,0.0017,-2.3075
!01,952142,2,5,21072,27371,-1.84,3.11,-110,676,-2.308,-0.008,0.000,0.058,0.036,-0.006,0.999,-2.353,0.036,-0.006,0.00,0.00,0.14,0.04,0.00,216.32,64.52,0.00,24.97,1,0,0,-2.34
!17,0.0019,-2.2785
!17,0.0052,-2.2551
!17,0.0061,-2.2284
!17,0.0089,-2.2049
!17,0.0117,-2.1849
!01,953147,2,5,21095,27530,3.11,5.80,-287,712,-2.205,0.019,0.018,0.040,0.036,-0.004,0.999,-2.218,0.036,-0.004,0.00,0.00,0.07,0.11,0.00,105.99,158.99,0.00,24.96,1,0,0,-2.34
!17,0.0135,-2.1721
!17,0.0146,-2.1614
!17,0.0154,-2.1539
!17,0.0161,-2.1502
!17,0.0161,-2.1493
!01,954148,2,5,21278,27756,6.08,6.23,749,763,-2.149,-0.002,-0.007,0.041,0.044,-0.006,0.999,-2.168,0.044,-0.006,0.00,0.00,0.08,0.14,0.00,117.55,202.83,0.00,24.95,3,0,0,0.00
!17,0.0082,-2.1273
!17,0.0061,-2.0997
!17,0.0054,-2.0755
!17,0.0044,-2.0544
!17,0.0043,-2.0341
!01,955149,2,5,21281,27906,-0.14,3.40,761,702,-2.034,-0.001,0.030,0.049,0.045,-0.004,0.999,-2.064,0.045,-0.004,0.00,0.00,0.28,0.08,0.00,414.08,126.78,0.00,24.96,3,0,0,0.00
!17,0.0044,-2.0140
!17,0.0033,-1.9889
!17,0.0024,-1.9590
!17,0.0020,-1.9305
!17,0.0019,-1.9025
!01,956150,2,5,21240,28023,-1.70,3.11,667,749,-1.903,-0.011,0.011,0.048,0.043,-0.003,0.999,-1.927,0.043,-0.003,0.00,0.00,0.23,0.07,0.00,340.49,106.02,0.00,24.96,3,0,0,0.00
!17,0.0019,-1.8745
!17,0.0017,-1.8463
!17,0.0019,-1.8176
!17,0.0017,-1.7893
!17,0.0019,-1.7604
!01,957151,2,5,21180,28131,-1.70,3.11,360,786,-1.760,-0.013,0.010,0.060,0.042,-0.001,0.999,-1.773,0.042,-0.001,0.00,0.00,0.20,0.07,0.00,303.69,110.63,0.00,24.96,3,0,0,0.00
!17,0.0020,-1.7313
!17,0.0019,-1.7018
!17,0.0020,-1.6715
!17,0.0052,-1.6455
!17,0.0067,-1.6174
!01,958152,2,5,21144,28263,0.14,4.95,-423,610,-1.617,0.013,0.017,0.037,0.039,-0.002,0.999,-1.619,0.039,-0.002,0.00,0.00,0.01,0.13,0.00,18.44,200.49,0.00,24.96,1,0,0,-1.73
!17,0.0096,-1.5919
!17,0.0117,-1.5754
!17,0.0135,-1.5583
!17,0.0146,-1.5486
!17,0.0156,-1.5393
!01,959153,2,5,21279,28479,5.24,6.65,-643,649,-1.539,0.006,-0.005,0.070,0.036,-0.004,0.999,-1.530,0.036,-0.004,0.00,0.00,0.07,0.13,0.00,103.69,200.47,0.00,24.95,1,0,0,-1.55
!17,0.0089,-1.5108
!17,0.0072,-1.4814
!17,0.0096,-1.4545
!17,0.0120,-1.4323
!17,0.0137,-1.4098
!01,960154,2,5,21341,28695,3.82,6.65,-736,654,-1.410,-0.004,0.005,0.053,0.044,-0.003,0.999,-1.389,0.044,-0.003,0.00,0.00,0.07,0.12,0.00,106.03,179.79,0.00,24.94,1,0,0,-1.55
!17,0.0146,-1.3940
!17,0.0148,-1.3866
!17,0.0156,-1.3825
!17,0.0167,-1.3753
!17,0.0178,-1.3669
!01,961156,2,5,21532,28933,6.23,7.36,669,590,-1.367,0.001,-0.005,0.044,0.057,0.006,0.998,-1.338,0.057,0.006,0.00,0.00,0.11,0.10,0.00,168.37,147.62,0.00,24.93,3,0,0,0.00
!17,0.0182,-1.3571
!17,0.0093,-1.3233
!17,0.0067,-1.3005
!17,0.0056,-1.2749
!17,0.0050,-1.2518
!01,962157,2,5,21581,29125,0.00,3.82,736,586,-1.252,-0.009,0.010,0.050,0.056,0.005,0.998,-1.246,0.056,0.005,0.00,0.00,0.12,0.04,0.00,186.23,62.27,0.00,24.94,3,0,0,0.00
!17,0.0041,-1.2288
!17,0.0030,-1.2041
!17,0.0026,-1.1782
!17,0.0024,-1.1497
!17,0.0020,-1.1139
!01,963158,2,5,21542,29240,-1.70,3.25,788,552,-1.114,0.007,0.019,0.044,0.049,0.002,0.999,-1.112,0.049,0.002,0.00,0.00,0.28,0.05,0.00,423.20,73.78,0.00,24.95,3,0,0,0.00
!17,0.0024,-1.0827
!17,0.0022,-1.0544
!17,0.0017,-1.0389
!17,0.0011,-1.0171
!17,0.0004,-0.9972
!01,964159,2,5,21484,29340,-1.70,1.98,717,517,-0.997,-0.002,0.003,0.063,0.043,-0.002,0.999,-0.985,0.043,-0.002,0.00,0.00,0.23,0.06,0.00,338.19,89.89,0.00,24.96,3,0,0,0.00
!17,0.0004,-0.9764
!17,0.0004,-0.9541
!17,0.0007,-0.9306
!17,0.0011,-0.9056
!17,0.0015,-0.8789
!01,965160,2,5,21423,29423,-1.70,2.83,922,737,-0.879,-0.006,-0.002,0.051,0.048,0.003,0.999,-0.865,0.048,0.003,0.00,0.00,0.22,0.04,0.00,324.31,55.33,0.00,24.96,3,0,0,0.00
!17,0.0015,-0.8480
!17,0.0019,-0.8112
!17,0.0017,-0.7803
!17,0.0022,-0.7492
!17,0.0019,-0.7200
!01,966161,2,5,21361,29534,-1.70,3.11,806,706,-0.720,-0.005,0.006,0.046,0.043,-0.005,0.999,-0.703,0.043,-0.005,0.00,0.00,0.24,0.02,0.00,356.59,29.96,0.00,24.96,3,0,0,0.00
!17,0.0015,-0.6963
!17,0.0013,-0.6754
!17,0.0009,-0.6514
!17,0.0007,-0.6287
!17,0.0006,-0.6072
!01,967166,2,5,21302,29620,-1.56,1.98,630,632,-0.629,0.007,0.015,0.040,0.046,-0.003,0.999,-0.583,0.046,-0.003,0.00,0.00,0.26,0.06,0.00,395.67,87.59,0.00,24.96,3,0,0,0.00
!17,0.0004,-0.5861
!17,0.0006,-0.5646
!17,0.0007,-0.5424
!17,0.0011,-0.5188
!17,0.0013,-0.4939
!01,968166,2,5,21246,29698,-1.56,2.55,566,782,-0.519,-0.011,0.012,0.054,0.054,0.002,0.999,-0.469,0.054,0.002,0.00,0.00,0.24,0.06,0.00,358.74,96.85,0.00,24.96,3,0,0,0.00
!17,0.0015,-0.4676
!17,0.0013,-0.4365
!17,0.0020,-0.3996
!17,0.0019,-0.3693
!17,0.0020,-0.3390
!01,969167,2,5,21183,29808,-1.84,3.40,76,879,-0.339,0.013,-0.004,0.046,0.048,-0.009,0.999,-0.307,0.048,-0.009,0.00,0.00,0.21,0.04,0.00,308.21,57.64,0.00,24.97,3,0,0,0.00
!17,0.0020,-0.3107
!17,0.0013,-0.2925
!17,0.0046,-0.2714
!17,0.0057,-0.2456
!17,0.0095,-0.2233
!01,970168,2,5,21173,29943,1.84,5.38,-776,892,-0.223,-0.029,0.031,0.056,0.048,-0.008,0.999,-0.184,0.048,-0.008,0.00,0.00,0.07,0.08,0.00,101.44,124.49,0.00,24.96,1,0,0,-0.34
!17,0.0120,-0.2052
!17,0.0135,-0.1893
!17,0.0148,-0.1766
!17,0.0158,-0.1685
!17,0.0161,-0.1632
!01,971169,2,5,21337,30169,5.80,6.51,-236,837,-0.163,-0.004,-0.007,0.056,0.056,-0.008,0.998,-0.113,0.056,-0.008,0.00,0.00,0.10,0.13,0.00,152.22,198.35,0.00,24.95,1,0,0,-0.34
!17,0.0167,-0.1597
!17,0.0169,-0.1566
!17,0.0085,-0.1318
!17,0.0059,-0.1061
!17,0.0050,-0.0828
!01,972171,2,5,21429,30363,0.00,3.82,617,1075,-0.083,0.030,-0.012,0.041,0.058,-0.010,0.998,-0.049,0.058,-0.010,0.00,0.00,0.00,0.04,0.00,0.00,62.28,0.00,24.95,3,0,0,0.00
!17,0.0043,-0.0620
!17,0.0043,-0.0426
!17,0.0037,-0.0212
!17,0.0026,0.0062
!17,0.0022,0.0358
!01,973172,2,5,21404,30480,-1.70,3.40,166,838,0.036,0.016,0.009,0.039,0.053,-0.010,0.999,0.069,0.053,-0.010,0.00,0.00,0.28,0.06,0.00,416.22,94.54,0.00,24.96,3,0,0,0.00
!17,0.0022,0.0660
!17,0.0024,0.0969
!17,0.0020,0.1252
!17,0.0054,0.1495
!17,0.0061,0.1766
!01,974173,2,5,21370,30612,0.00,4.67,-906,1052,0.177,0.011,0.011,0.035,0.045,-0.011,0.999,0.211,0.045,-0.011,0.00,0.00,0.04,0.09,0.00,53.02,140.61,0.00,24.96,1,0,0,0.07
!17,0.0091,0.1976
!17,0.0115,0.2170
!17,0.0132,0.2309
!17,0.0143,0.2399
!17,0.0158,0.2532
charger conn=0 chgEnabled=0 chgTime=16 charger: 0.00 V  0.00 A  bat: 24.95 V  switchOffAllowed=0
!01,975175,2,5,21505,30821,5.24,6.79,-1339,782,0.253,-0.097,-0.017,0.114,0.047,-0.012,0.999,0.291,0.047,-0.012,0.00,0.00,0.09,0.13,0.00,138.32,198.25,0.00,24.95,1,0,0,0.07
!17,0.0167,0.2571
!17,0.0167,0.2629
!17,0.0172,0.2679
!17,0.0174,0.2698
!17,0.0174,0.2714
!01,976176,2,5,21725,31062,6.51,6.79,-1400,-382,0.271,-0.004,0.000,0.040,0.044,-0.019,0.999,0.311,0.044,-0.019,0.00,0.00,0.12,0.13,0.00,182.10,195.93,0.00,24.93,3,0,0,0.00
!17,0.0085,0.2522
!17,0.0061,0.2254
!17,0.0052,0.2019
!17,0.0046,0.1810
!17,0.0033,0.1599
!01,977178,2,5,21874,31063,3.11,-0.57,-1472,-501,0.181,0.002,-0.015,0.047,0.046,-0.021,0.999,0.210,0.046,-0.021,0.00,0.00,0.05,0.40,0.00,78.38,598.07,0.00,24.95,3,0,0,0.00
!17,0.0030,0.1365
!17,0.0024,0.1120
!17,0.0024,0.0858
!17,0.0019,0.0575
!17,0.0019,0.0293
!01,978178,2,5,21984,31015,3.11,-1.70,-1360,169,0.058,0.001,0.001,0.043,0.043,-0.024,0.999,0.078,0.043,-0.024,0.00,0.00,0.08,0.19,0.00,124.47,289.87,0.00,24.95,1,0,0,0.06
!17,0.0022,0.0009
!17,0.0056,-0.0238
!17,0.0069,-0.0496
!17,0.0100,-0.0691
stopImmediately
!17,0.0119,-0.0861
!01,979178,0,5,22148,31048,5.66,3.40,-1461,692,-0.069,0.007,0.016,0.033,0.043,-0.026,0.999,-0.045,0.043,-0.026,0.00,0.00,0.13,0.07,0.00,198.21,103.71,0.00,24.95,5,0,0,0.06
!17,0.0004,-0.0867
!01,980183,0,5,22149,31049,0.00,0.00,-1356,625,-0.086,-0.001,-0.001,0.048,0.045,-0.024,0.999,-0.055,0.045,-0.024,0.00,0.00,0.00,0.00,0.00,0.00,0.00,0.00,24.97,5,0,0,0.06
!01,981183,0,5,22149,31049,0.00,0.00,-1443,774,-0.087,0.002,-0.000,0.053,0.044,-0.023,0.999,-0.052,0.044,-0.023,0.00,0.00,0.00,0.00,0.00,0.00,0.00,0.00,24.98,5,0,0,0.06
!01,982186,0,5,22149,31049,0.00,0.00,-1396,717,-0.086,-0.000,-0.002,0.050,0.044,-0.023,0.999,-0.051,0.044,-0.023,0.00,0.00,0.00,0.00,0.00,0.00,0.00,0.00,24.99,5,0,0,0.06
